[ 2015-11-28T01:24:53+08:00 ] 101.226.69.108 /index.php/Qyapp/Oauth/wap_url/token/QVKcXC1416800879/module/Leave/action/wap_holiday/pid/1/response_type/code/scope/snsapi_base/state/STATE
INFO: [ route_check ] --START--
INFO: Run CheckRoute Behavior [ RunTime:0.000000s ]
INFO: [ route_check ] --END-- [ RunTime:0.000000s ]
INFO: [ app_begin ] --START--
INFO: Run ReadHtmlCache Behavior [ RunTime:0.000000s ]
INFO: [ app_begin ] --END-- [ RunTime:0.015625s ]
NOTIC: [2] Cannot use a scalar value as an array D:\WWW\duoqy\duoqy\dqy\Lib\Core\Action.class.php 第 208 行.
NOTIC: [8] Undefined index: code D:\WWW\duoqy\duoqy\dqy\Lanrain\Lib\Action\Qyapp\OauthAction.class.php 第 48 行.

[ 2015-11-28T01:25:13+08:00 ] 101.226.33.228 /index.php/Qyapp/Oauth/wap_url/token/QVKcXC1416800879/module/Leave/action/wap_list/pid/1/response_type/code/scope/snsapi_base/state/STATE
INFO: [ route_check ] --START--
INFO: Run CheckRoute Behavior [ RunTime:0.000000s ]
INFO: [ route_check ] --END-- [ RunTime:0.000000s ]
INFO: [ app_begin ] --START--
INFO: Run ReadHtmlCache Behavior [ RunTime:0.000000s ]
INFO: [ app_begin ] --END-- [ RunTime:0.000000s ]
NOTIC: [2] Cannot use a scalar value as an array D:\WWW\duoqy\duoqy\dqy\Lib\Core\Action.class.php 第 208 行.
NOTIC: [8] Undefined index: code D:\WWW\duoqy\duoqy\dqy\Lanrain\Lib\Action\Qyapp\OauthAction.class.php 第 48 行.

[ 2015-11-28T01:25:22+08:00 ] 101.226.66.177 /index.php/Qyapp/Oauth/wap_url/token/QVKcXC1416800879/module/Leave/action/wap_wait_check/pid/1/response_type/code/scope/snsapi_base/state/STATE
INFO: [ route_check ] --START--
INFO: Run CheckRoute Behavior [ RunTime:0.000000s ]
INFO: [ route_check ] --END-- [ RunTime:0.000000s ]
INFO: [ app_begin ] --START--
INFO: Run ReadHtmlCache Behavior [ RunTime:-0.015626s ]
INFO: [ app_begin ] --END-- [ RunTime:0.000000s ]
NOTIC: [2] Cannot use a scalar value as an array D:\WWW\duoqy\duoqy\dqy\Lib\Core\Action.class.php 第 208 行.
NOTIC: [8] Undefined index: code D:\WWW\duoqy\duoqy\dqy\Lanrain\Lib\Action\Qyapp\OauthAction.class.php 第 48 行.

[ 2015-11-28T01:38:31+08:00 ] 101.226.66.191 /index.php/Qyapp/Oauth/wap_url/token/QVKcXC1416800879/module/Leave/action/wap_list/pid/1/response_type/code/scope/snsapi_base/state/STATE
INFO: [ route_check ] --START--
INFO: Run CheckRoute Behavior [ RunTime:0.000000s ]
INFO: [ route_check ] --END-- [ RunTime:0.000000s ]
INFO: [ app_begin ] --START--
INFO: Run ReadHtmlCache Behavior [ RunTime:0.000000s ]
INFO: [ app_begin ] --END-- [ RunTime:0.000000s ]
NOTIC: [2] Cannot use a scalar value as an array D:\WWW\duoqy\duoqy\dqy\Lib\Core\Action.class.php 第 208 行.
NOTIC: [8] Undefined index: code D:\WWW\duoqy\duoqy\dqy\Lanrain\Lib\Action\Qyapp\OauthAction.class.php 第 48 行.

[ 2015-11-28T01:38:51+08:00 ] 112.65.193.16 /index.php/Qyapp/Oauth/wap_url/token/QVKcXC1416800879/module/Leave/action/wap_wait_check/pid/1/response_type/code/scope/snsapi_base/state/STATE
INFO: [ route_check ] --START--
INFO: Run CheckRoute Behavior [ RunTime:0.000000s ]
INFO: [ route_check ] --END-- [ RunTime:0.000000s ]
INFO: [ app_begin ] --START--
INFO: Run ReadHtmlCache Behavior [ RunTime:0.000000s ]
INFO: [ app_begin ] --END-- [ RunTime:0.000000s ]
NOTIC: [2] Cannot use a scalar value as an array D:\WWW\duoqy\duoqy\dqy\Lib\Core\Action.class.php 第 208 行.
NOTIC: [8] Undefined index: code D:\WWW\duoqy\duoqy\dqy\Lanrain\Lib\Action\Qyapp\OauthAction.class.php 第 48 行.

[ 2015-11-28T03:56:38+08:00 ] 121.42.0.33 /
INFO: [ app_begin ] --START--
INFO: Run ReadHtmlCache Behavior [ RunTime:0.062509s ]
INFO: [ app_begin ] --END-- [ RunTime:0.062509s ]
NOTIC: [2] Cannot use a scalar value as an array D:\WWW\duoqy\duoqy\dqy\Lib\Core\Action.class.php 第 208 行.
SQL: SHOW COLUMNS FROM `tp_qywebsite` [ RunTime:0.078136s ]
SQL: SELECT * FROM `tp_qywebsite` WHERE ( `site_url` = '121.40.76.167' ) LIMIT 1   [ RunTime:0.000000s ]
SQL: SHOW COLUMNS FROM `tp_qytoken` [ RunTime:0.093764s ]
SQL: SELECT * FROM `tp_qytoken` WHERE ( `host` = '121.40.76.167' ) LIMIT 1   [ RunTime:0.015627s ]
INFO: [ view_template ] --START--
INFO: Run LocationTemplate Behavior [ RunTime:-0.390680s ]
INFO: [ view_template ] --END-- [ RunTime:0.031254s ]
INFO: [ view_parse ] --START--
INFO: Run ParseTemplate Behavior [ RunTime:-0.421934s ]
INFO: [ view_parse ] --END-- [ RunTime:0.078136s ]
INFO: [ view_filter ] --START--
INFO: Run ContentReplace Behavior [ RunTime:-0.500070s ]
NOTIC: [8] Array to string conversion D:\WWW\duoqy\duoqy\dqy\Lib\Core\Behavior.class.php 第 60 行.
NOTIC: [2] implode(): Invalid arguments passed D:\WWW\duoqy\duoqy\dqy\Lib\Behavior\TokenBuildBehavior.class.php 第 71 行.
NOTIC: [2] unlink(./Data/Conf/logs/Temp/0/b/0bd00bad38522939af44147774e596f2.php): No such file or directory D:\WWW\duoqy\duoqy\dqy\Lib\Driver\Cache\CacheFile.class.php 第 176 行.
INFO: Run TokenBuild Behavior [ RunTime:-0.546952s ]
INFO: Run WriteHtmlCache Behavior [ RunTime:-0.562579s ]
INFO: Run ShowRuntime Behavior [ RunTime:-0.562579s ]
INFO: [ view_filter ] --END-- [ RunTime:0.062509s ]
INFO: [ view_end ] --START--
INFO: Run ShowPageTrace Behavior [ RunTime:-0.562579s ]
INFO: [ view_end ] --END-- [ RunTime:0.015627s ]

[ 2015-11-28T08:56:08+08:00 ] 54.207.69.67 /
INFO: [ app_begin ] --START--
INFO: Run ReadHtmlCache Behavior [ RunTime:0.000000s ]
INFO: [ app_begin ] --END-- [ RunTime:0.000000s ]
NOTIC: [2] Cannot use a scalar value as an array D:\WWW\duoqy\duoqy\dqy\Lib\Core\Action.class.php 第 208 行.
SQL: SHOW COLUMNS FROM `tp_qywebsite` [ RunTime:0.000000s ]
SQL: SELECT * FROM `tp_qywebsite` WHERE ( `site_url` = '121.40.76.167' ) LIMIT 1   [ RunTime:0.000000s ]
SQL: SHOW COLUMNS FROM `tp_qytoken` [ RunTime:0.000000s ]
SQL: SELECT * FROM `tp_qytoken` WHERE ( `host` = '121.40.76.167' ) LIMIT 1   [ RunTime:0.000000s ]
INFO: [ view_template ] --START--
INFO: Run LocationTemplate Behavior [ RunTime:-0.031251s ]
INFO: [ view_template ] --END-- [ RunTime:0.000000s ]
INFO: [ view_parse ] --START--
INFO: Run ParseTemplate Behavior [ RunTime:-0.031251s ]
INFO: [ view_parse ] --END-- [ RunTime:0.000000s ]
INFO: [ view_filter ] --START--
INFO: Run ContentReplace Behavior [ RunTime:-0.031251s ]
NOTIC: [8] Array to string conversion D:\WWW\duoqy\duoqy\dqy\Lib\Core\Behavior.class.php 第 60 行.
NOTIC: [2] implode(): Invalid arguments passed D:\WWW\duoqy\duoqy\dqy\Lib\Behavior\TokenBuildBehavior.class.php 第 71 行.
NOTIC: [2] unlink(./Data/Conf/logs/Temp/0/b/0bd00bad38522939af44147774e596f2.php): No such file or directory D:\WWW\duoqy\duoqy\dqy\Lib\Driver\Cache\CacheFile.class.php 第 176 行.
INFO: Run TokenBuild Behavior [ RunTime:-0.031251s ]
INFO: Run WriteHtmlCache Behavior [ RunTime:-0.031251s ]
INFO: Run ShowRuntime Behavior [ RunTime:-0.031251s ]
INFO: [ view_filter ] --END-- [ RunTime:0.000000s ]
INFO: [ view_end ] --START--
INFO: Run ShowPageTrace Behavior [ RunTime:-0.031251s ]
INFO: [ view_end ] --END-- [ RunTime:0.000000s ]

[ 2015-11-28T10:30:27+08:00 ] 141.212.121.208 /
INFO: [ app_begin ] --START--
INFO: Run ReadHtmlCache Behavior [ RunTime:0.000000s ]
INFO: [ app_begin ] --END-- [ RunTime:0.000000s ]
NOTIC: [2] Cannot use a scalar value as an array D:\WWW\duoqy\duoqy\dqy\Lib\Core\Action.class.php 第 208 行.
SQL: SHOW COLUMNS FROM `tp_qywebsite` [ RunTime:0.000000s ]
SQL: SELECT * FROM `tp_qywebsite` WHERE ( `site_url` = '121.40.76.167' ) LIMIT 1   [ RunTime:0.000000s ]
SQL: SHOW COLUMNS FROM `tp_qytoken` [ RunTime:0.000000s ]
SQL: SELECT * FROM `tp_qytoken` WHERE ( `host` = '121.40.76.167' ) LIMIT 1   [ RunTime:0.000000s ]
INFO: [ view_template ] --START--
INFO: Run LocationTemplate Behavior [ RunTime:-0.015625s ]
INFO: [ view_template ] --END-- [ RunTime:0.015626s ]
INFO: [ view_parse ] --START--
INFO: Run ParseTemplate Behavior [ RunTime:-0.031251s ]
INFO: [ view_parse ] --END-- [ RunTime:0.000000s ]
INFO: [ view_filter ] --START--
INFO: Run ContentReplace Behavior [ RunTime:-0.031251s ]
NOTIC: [8] Array to string conversion D:\WWW\duoqy\duoqy\dqy\Lib\Core\Behavior.class.php 第 60 行.
NOTIC: [2] implode(): Invalid arguments passed D:\WWW\duoqy\duoqy\dqy\Lib\Behavior\TokenBuildBehavior.class.php 第 71 行.
NOTIC: [2] unlink(./Data/Conf/logs/Temp/0/b/0bd00bad38522939af44147774e596f2.php): No such file or directory D:\WWW\duoqy\duoqy\dqy\Lib\Driver\Cache\CacheFile.class.php 第 176 行.
INFO: Run TokenBuild Behavior [ RunTime:-0.031251s ]
INFO: Run WriteHtmlCache Behavior [ RunTime:-0.031251s ]
INFO: Run ShowRuntime Behavior [ RunTime:-0.031251s ]
INFO: [ view_filter ] --END-- [ RunTime:0.000000s ]
INFO: [ view_end ] --START--
INFO: Run ShowPageTrace Behavior [ RunTime:-0.031251s ]
INFO: [ view_end ] --END-- [ RunTime:0.000000s ]

[ 2015-11-28T14:15:04+08:00 ] 58.48.10.52 /
INFO: [ app_begin ] --START--
INFO: Run ReadHtmlCache Behavior [ RunTime:0.000000s ]
INFO: [ app_begin ] --END-- [ RunTime:0.000000s ]
NOTIC: [2] Cannot use a scalar value as an array D:\WWW\duoqy\duoqy\dqy\Lib\Core\Action.class.php 第 208 行.
SQL: SHOW COLUMNS FROM `tp_qywebsite` [ RunTime:0.000000s ]
SQL: SELECT * FROM `tp_qywebsite` WHERE ( `site_url` = '121.40.76.167' ) LIMIT 1   [ RunTime:0.000000s ]
SQL: SHOW COLUMNS FROM `tp_qytoken` [ RunTime:0.000000s ]
SQL: SELECT * FROM `tp_qytoken` WHERE ( `host` = '121.40.76.167' ) LIMIT 1   [ RunTime:0.000000s ]
INFO: [ view_template ] --START--
INFO: Run LocationTemplate Behavior [ RunTime:-0.015626s ]
INFO: [ view_template ] --END-- [ RunTime:0.000000s ]
INFO: [ view_parse ] --START--
INFO: Run ParseTemplate Behavior [ RunTime:-0.015626s ]
INFO: [ view_parse ] --END-- [ RunTime:0.015625s ]
INFO: [ view_filter ] --START--
INFO: Run ContentReplace Behavior [ RunTime:-0.031251s ]
NOTIC: [8] Array to string conversion D:\WWW\duoqy\duoqy\dqy\Lib\Core\Behavior.class.php 第 60 行.
NOTIC: [2] implode(): Invalid arguments passed D:\WWW\duoqy\duoqy\dqy\Lib\Behavior\TokenBuildBehavior.class.php 第 71 行.
NOTIC: [2] unlink(./Data/Conf/logs/Temp/0/b/0bd00bad38522939af44147774e596f2.php): No such file or directory D:\WWW\duoqy\duoqy\dqy\Lib\Driver\Cache\CacheFile.class.php 第 176 行.
INFO: Run TokenBuild Behavior [ RunTime:-0.031251s ]
INFO: Run WriteHtmlCache Behavior [ RunTime:-0.031251s ]
INFO: Run ShowRuntime Behavior [ RunTime:-0.031251s ]
INFO: [ view_filter ] --END-- [ RunTime:0.000000s ]
INFO: [ view_end ] --START--
INFO: Run ShowPageTrace Behavior [ RunTime:-0.031251s ]
INFO: [ view_end ] --END-- [ RunTime:0.000000s ]

[ 2015-11-28T14:47:15+08:00 ] 58.48.10.52 /
INFO: [ app_begin ] --START--
INFO: Run ReadHtmlCache Behavior [ RunTime:0.000000s ]
INFO: [ app_begin ] --END-- [ RunTime:0.000000s ]
NOTIC: [2] Cannot use a scalar value as an array D:\WWW\duoqy\duoqy\dqy\Lib\Core\Action.class.php 第 208 行.
SQL: SHOW COLUMNS FROM `tp_qywebsite` [ RunTime:0.031250s ]
SQL: SELECT * FROM `tp_qywebsite` WHERE ( `site_url` = '121.40.76.167' ) LIMIT 1   [ RunTime:0.000000s ]
SQL: SHOW COLUMNS FROM `tp_qytoken` [ RunTime:0.015626s ]
SQL: SELECT * FROM `tp_qytoken` WHERE ( `host` = '121.40.76.167' ) LIMIT 1   [ RunTime:0.015625s ]
INFO: [ view_template ] --START--
INFO: Run LocationTemplate Behavior [ RunTime:-0.093752s ]
INFO: [ view_template ] --END-- [ RunTime:0.000000s ]
INFO: [ view_parse ] --START--
INFO: Run ParseTemplate Behavior [ RunTime:-0.093752s ]
INFO: [ view_parse ] --END-- [ RunTime:0.015625s ]
INFO: [ view_filter ] --START--
INFO: Run ContentReplace Behavior [ RunTime:-0.109377s ]
NOTIC: [8] Array to string conversion D:\WWW\duoqy\duoqy\dqy\Lib\Core\Behavior.class.php 第 60 行.
NOTIC: [2] implode(): Invalid arguments passed D:\WWW\duoqy\duoqy\dqy\Lib\Behavior\TokenBuildBehavior.class.php 第 71 行.
NOTIC: [2] unlink(./Data/Conf/logs/Temp/0/b/0bd00bad38522939af44147774e596f2.php): No such file or directory D:\WWW\duoqy\duoqy\dqy\Lib\Driver\Cache\CacheFile.class.php 第 176 行.
INFO: Run TokenBuild Behavior [ RunTime:-0.109377s ]
INFO: Run WriteHtmlCache Behavior [ RunTime:-0.125003s ]
INFO: Run ShowRuntime Behavior [ RunTime:-0.125003s ]
INFO: [ view_filter ] --END-- [ RunTime:0.015626s ]
INFO: [ view_end ] --START--
INFO: Run ShowPageTrace Behavior [ RunTime:-0.125003s ]
INFO: [ view_end ] --END-- [ RunTime:0.000000s ]

[ 2015-11-28T14:47:18+08:00 ] 58.48.10.52 /
INFO: [ app_begin ] --START--
INFO: Run ReadHtmlCache Behavior [ RunTime:0.000000s ]
INFO: [ app_begin ] --END-- [ RunTime:0.000000s ]
NOTIC: [2] Cannot use a scalar value as an array D:\WWW\duoqy\duoqy\dqy\Lib\Core\Action.class.php 第 208 行.
SQL: SHOW COLUMNS FROM `tp_qywebsite` [ RunTime:0.000000s ]
SQL: SELECT * FROM `tp_qywebsite` WHERE ( `site_url` = '121.40.76.167' ) LIMIT 1   [ RunTime:0.000000s ]
SQL: SHOW COLUMNS FROM `tp_qytoken` [ RunTime:0.000000s ]
SQL: SELECT * FROM `tp_qytoken` WHERE ( `host` = '121.40.76.167' ) LIMIT 1   [ RunTime:0.000000s ]
INFO: [ view_template ] --START--
INFO: Run LocationTemplate Behavior [ RunTime:-0.015625s ]
INFO: [ view_template ] --END-- [ RunTime:0.015625s ]
INFO: [ view_parse ] --START--
INFO: Run ParseTemplate Behavior [ RunTime:-0.031250s ]
INFO: [ view_parse ] --END-- [ RunTime:0.000000s ]
INFO: [ view_filter ] --START--
INFO: Run ContentReplace Behavior [ RunTime:-0.031250s ]
NOTIC: [8] Array to string conversion D:\WWW\duoqy\duoqy\dqy\Lib\Core\Behavior.class.php 第 60 行.
NOTIC: [2] implode(): Invalid arguments passed D:\WWW\duoqy\duoqy\dqy\Lib\Behavior\TokenBuildBehavior.class.php 第 71 行.
NOTIC: [2] unlink(./Data/Conf/logs/Temp/0/b/0bd00bad38522939af44147774e596f2.php): No such file or directory D:\WWW\duoqy\duoqy\dqy\Lib\Driver\Cache\CacheFile.class.php 第 176 行.
INFO: Run TokenBuild Behavior [ RunTime:-0.031250s ]
INFO: Run WriteHtmlCache Behavior [ RunTime:-0.031250s ]
INFO: Run ShowRuntime Behavior [ RunTime:-0.031250s ]
INFO: [ view_filter ] --END-- [ RunTime:0.000000s ]
INFO: [ view_end ] --START--
INFO: Run ShowPageTrace Behavior [ RunTime:-0.031250s ]
INFO: [ view_end ] --END-- [ RunTime:0.000000s ]

[ 2015-11-28T15:01:49+08:00 ] 58.48.10.52 /index.php?g=Qyapp&m=Public&a=checklogin
INFO: [ app_begin ] --START--
INFO: Run ReadHtmlCache Behavior [ RunTime:0.000000s ]
INFO: [ app_begin ] --END-- [ RunTime:0.000000s ]
NOTIC: [2] Cannot use a scalar value as an array D:\WWW\duoqy\duoqy\dqy\Lib\Core\Action.class.php 第 208 行.
SQL: SHOW COLUMNS FROM `tp_qywebsite` [ RunTime:0.000000s ]
SQL: SELECT * FROM `tp_qywebsite` WHERE ( `site_url` = '121.40.76.167' ) LIMIT 1   [ RunTime:0.000000s ]
SQL: SHOW COLUMNS FROM `tp_qytoken` [ RunTime:0.000000s ]
SQL: SELECT * FROM `tp_qytoken` WHERE ( `username` = 'weiyi' ) AND ( `password` = 'b59c67bf196a4758191e42f76670ceba' ) LIMIT 1   [ RunTime:0.000000s ]
NOTIC: [8] Undefined index: host D:\WWW\duoqy\duoqy\dqy\Lanrain\Lib\Action\Qyapp\PublicAction.class.php 第 59 行.
INFO: [ view_template ] --START--
INFO: Run LocationTemplate Behavior [ RunTime:-0.046876s ]
INFO: [ view_template ] --END-- [ RunTime:0.000000s ]
INFO: [ view_parse ] --START--
INFO: Run ParseTemplate Behavior [ RunTime:-0.046876s ]
INFO: [ view_parse ] --END-- [ RunTime:0.078126s ]
INFO: [ view_filter ] --START--
INFO: Run ContentReplace Behavior [ RunTime:-0.125002s ]
NOTIC: [8] Array to string conversion D:\WWW\duoqy\duoqy\dqy\Lib\Core\Behavior.class.php 第 60 行.
NOTIC: [2] implode(): Invalid arguments passed D:\WWW\duoqy\duoqy\dqy\Lib\Behavior\TokenBuildBehavior.class.php 第 71 行.
NOTIC: [2] unlink(./Data/Conf/logs/Temp/0/b/0bd00bad38522939af44147774e596f2.php): No such file or directory D:\WWW\duoqy\duoqy\dqy\Lib\Driver\Cache\CacheFile.class.php 第 176 行.
INFO: Run TokenBuild Behavior [ RunTime:-0.125002s ]
INFO: Run WriteHtmlCache Behavior [ RunTime:-0.125002s ]
INFO: Run ShowRuntime Behavior [ RunTime:-0.125002s ]
INFO: [ view_filter ] --END-- [ RunTime:0.000000s ]
INFO: [ view_end ] --START--
INFO: Run ShowPageTrace Behavior [ RunTime:-0.125002s ]
INFO: [ view_end ] --END-- [ RunTime:0.000000s ]

[ 2015-11-28T15:01:51+08:00 ] 58.48.10.52 /index.php?g=Qyapp&m=Appslist&a=appList
INFO: [ app_begin ] --START--
INFO: Run ReadHtmlCache Behavior [ RunTime:0.000000s ]
INFO: [ app_begin ] --END-- [ RunTime:0.000000s ]
NOTIC: [2] Cannot use a scalar value as an array D:\WWW\duoqy\duoqy\dqy\Lib\Core\Action.class.php 第 208 行.
SQL: Describe  `tp_qytoken` `agency_id`; [ RunTime:0.015625s ]
SQL: Describe  `tp_qyapplist` `category`; [ RunTime:0.062501s ]
SQL: Describe  `tp_qymyapp` `category`; [ RunTime:0.031251s ]
SQL: SHOW COLUMNS FROM `tp_qytoken` [ RunTime:0.000000s ]
SQL: SELECT * FROM `tp_qytoken` WHERE ( `id` = 25 ) LIMIT 1   [ RunTime:0.015625s ]
SQL: SHOW COLUMNS FROM `tp_qymyapp` [ RunTime:0.000000s ]
SQL: SELECT * FROM `tp_qymyapp` WHERE ( `status` = 1 ) AND ( `userid` = 25 )  [ RunTime:0.000000s ]
SQL: SHOW COLUMNS FROM `tp_qyapplist` [ RunTime:0.000000s ]
SQL: SELECT * FROM `tp_qyapplist` WHERE ( `id` = 1 ) AND ( `install` = 1 ) LIMIT 1   [ RunTime:0.015625s ]
SQL: SELECT * FROM `tp_qyapplist` WHERE ( `id` = 5 ) AND ( `install` = 1 ) LIMIT 1   [ RunTime:0.000000s ]
SQL: SELECT * FROM `tp_qyapplist` WHERE ( `id` = 4 ) AND ( `install` = 1 ) LIMIT 1   [ RunTime:0.000000s ]
SQL: SELECT * FROM `tp_qyapplist` WHERE ( `id` = 6 ) AND ( `install` = 1 ) LIMIT 1   [ RunTime:0.000000s ]
SQL: SELECT * FROM `tp_qyapplist` WHERE ( `id` = 11 ) AND ( `install` = 1 ) LIMIT 1   [ RunTime:0.000000s ]
SQL: SELECT * FROM `tp_qyapplist` WHERE ( `id` = 14 ) AND ( `install` = 1 ) LIMIT 1   [ RunTime:0.000000s ]
SQL: SELECT * FROM `tp_qyapplist` WHERE ( `id` = 15 ) AND ( `install` = 1 ) LIMIT 1   [ RunTime:0.000000s ]
INFO: [ view_template ] --START--
INFO: Run LocationTemplate Behavior [ RunTime:-0.234379s ]
INFO: [ view_template ] --END-- [ RunTime:0.031251s ]
INFO: [ view_parse ] --START--
NOTIC: [8] Undefined index: site_title D:\WWW\duoqy\duoqy\dqy\Data\Conf\logs\Cache\Qyapp\7ba69f4e559ef867a770aa5d6658a059.php 第 4 行.
NOTIC: [8] Undefined index: headimg D:\WWW\duoqy\duoqy\dqy\Data\Conf\logs\Cache\Qyapp\7ba69f4e559ef867a770aa5d6658a059.php 第 82 行.
NOTIC: [8] Undefined variable: token D:\WWW\duoqy\duoqy\dqy\Data\Conf\logs\Cache\Qyapp\7ba69f4e559ef867a770aa5d6658a059.php 第 134 行.
NOTIC: [8] Undefined variable: token D:\WWW\duoqy\duoqy\dqy\Data\Conf\logs\Cache\Qyapp\7ba69f4e559ef867a770aa5d6658a059.php 第 137 行.
NOTIC: [8] Undefined variable: token D:\WWW\duoqy\duoqy\dqy\Data\Conf\logs\Cache\Qyapp\7ba69f4e559ef867a770aa5d6658a059.php 第 140 行.
NOTIC: [8] Undefined variable: token D:\WWW\duoqy\duoqy\dqy\Data\Conf\logs\Cache\Qyapp\7ba69f4e559ef867a770aa5d6658a059.php 第 143 行.
NOTIC: [8] Undefined variable: token D:\WWW\duoqy\duoqy\dqy\Data\Conf\logs\Cache\Qyapp\7ba69f4e559ef867a770aa5d6658a059.php 第 148 行.
NOTIC: [8] Undefined index: node_id D:\WWW\duoqy\duoqy\dqy\Data\Conf\logs\Cache\Qyapp\7ba69f4e559ef867a770aa5d6658a059.php 第 205 行.
NOTIC: [8] Undefined index: head D:\WWW\duoqy\duoqy\dqy\Data\Conf\logs\Cache\Qyapp\7ba69f4e559ef867a770aa5d6658a059.php 第 272 行.
NOTIC: [8] Undefined index: info D:\WWW\duoqy\duoqy\dqy\Data\Conf\logs\Cache\Qyapp\7ba69f4e559ef867a770aa5d6658a059.php 第 273 行.
NOTIC: [8] Undefined index: data D:\WWW\duoqy\duoqy\dqy\Data\Conf\logs\Cache\Qyapp\7ba69f4e559ef867a770aa5d6658a059.php 第 275 行.
NOTIC: [8] Undefined index: head D:\WWW\duoqy\duoqy\dqy\Data\Conf\logs\Cache\Qyapp\7ba69f4e559ef867a770aa5d6658a059.php 第 292 行.
NOTIC: [8] Undefined index: info D:\WWW\duoqy\duoqy\dqy\Data\Conf\logs\Cache\Qyapp\7ba69f4e559ef867a770aa5d6658a059.php 第 293 行.
NOTIC: [8] Undefined index: data D:\WWW\duoqy\duoqy\dqy\Data\Conf\logs\Cache\Qyapp\7ba69f4e559ef867a770aa5d6658a059.php 第 295 行.
NOTIC: [8] Undefined index: head D:\WWW\duoqy\duoqy\dqy\Data\Conf\logs\Cache\Qyapp\7ba69f4e559ef867a770aa5d6658a059.php 第 312 行.
NOTIC: [8] Undefined index: info D:\WWW\duoqy\duoqy\dqy\Data\Conf\logs\Cache\Qyapp\7ba69f4e559ef867a770aa5d6658a059.php 第 313 行.
NOTIC: [8] Undefined index: data D:\WWW\duoqy\duoqy\dqy\Data\Conf\logs\Cache\Qyapp\7ba69f4e559ef867a770aa5d6658a059.php 第 315 行.
NOTIC: [8] Undefined index: head D:\WWW\duoqy\duoqy\dqy\Data\Conf\logs\Cache\Qyapp\7ba69f4e559ef867a770aa5d6658a059.php 第 332 行.
NOTIC: [8] Undefined index: info D:\WWW\duoqy\duoqy\dqy\Data\Conf\logs\Cache\Qyapp\7ba69f4e559ef867a770aa5d6658a059.php 第 333 行.
NOTIC: [8] Undefined index: data D:\WWW\duoqy\duoqy\dqy\Data\Conf\logs\Cache\Qyapp\7ba69f4e559ef867a770aa5d6658a059.php 第 335 行.
NOTIC: [8] Undefined index: head D:\WWW\duoqy\duoqy\dqy\Data\Conf\logs\Cache\Qyapp\7ba69f4e559ef867a770aa5d6658a059.php 第 352 行.
NOTIC: [8] Undefined index: info D:\WWW\duoqy\duoqy\dqy\Data\Conf\logs\Cache\Qyapp\7ba69f4e559ef867a770aa5d6658a059.php 第 353 行.
NOTIC: [8] Undefined index: data D:\WWW\duoqy\duoqy\dqy\Data\Conf\logs\Cache\Qyapp\7ba69f4e559ef867a770aa5d6658a059.php 第 355 行.
NOTIC: [8] Undefined index: head D:\WWW\duoqy\duoqy\dqy\Data\Conf\logs\Cache\Qyapp\7ba69f4e559ef867a770aa5d6658a059.php 第 372 行.
NOTIC: [8] Undefined index: info D:\WWW\duoqy\duoqy\dqy\Data\Conf\logs\Cache\Qyapp\7ba69f4e559ef867a770aa5d6658a059.php 第 373 行.
NOTIC: [8] Undefined index: data D:\WWW\duoqy\duoqy\dqy\Data\Conf\logs\Cache\Qyapp\7ba69f4e559ef867a770aa5d6658a059.php 第 375 行.
NOTIC: [8] Undefined index: mid D:\WWW\duoqy\duoqy\dqy\Data\Conf\logs\Cache\Qyapp\7ba69f4e559ef867a770aa5d6658a059.php 第 432 行.
NOTIC: [8] Undefined index: mid D:\WWW\duoqy\duoqy\dqy\Data\Conf\logs\Cache\Qyapp\7ba69f4e559ef867a770aa5d6658a059.php 第 438 行.
INFO: Run ParseTemplate Behavior [ RunTime:-0.265630s ]
INFO: [ view_parse ] --END-- [ RunTime:0.062501s ]
INFO: [ view_filter ] --START--
INFO: Run ContentReplace Behavior [ RunTime:-0.328131s ]
NOTIC: [8] Array to string conversion D:\WWW\duoqy\duoqy\dqy\Lib\Core\Behavior.class.php 第 60 行.
NOTIC: [2] implode(): Invalid arguments passed D:\WWW\duoqy\duoqy\dqy\Lib\Behavior\TokenBuildBehavior.class.php 第 71 行.
NOTIC: [2] unlink(./Data/Conf/logs/Temp/0/b/0bd00bad38522939af44147774e596f2.php): No such file or directory D:\WWW\duoqy\duoqy\dqy\Lib\Driver\Cache\CacheFile.class.php 第 176 行.
INFO: Run TokenBuild Behavior [ RunTime:-0.328131s ]
INFO: Run WriteHtmlCache Behavior [ RunTime:-0.343756s ]
INFO: Run ShowRuntime Behavior [ RunTime:-0.343756s ]
INFO: [ view_filter ] --END-- [ RunTime:0.015625s ]
INFO: [ view_end ] --START--
INFO: Run ShowPageTrace Behavior [ RunTime:-0.343756s ]
INFO: [ view_end ] --END-- [ RunTime:0.000000s ]

[ 2015-11-28T15:01:58+08:00 ] ERR: (ThinkException) 无法加载模块:Attendance
[ 2015-11-28T15:02:01+08:00 ] 58.48.10.52 /index.php?g=Qyapp&m=Workflow&a=index&mid=37
INFO: [ app_begin ] --START--
INFO: Run ReadHtmlCache Behavior [ RunTime:0.000000s ]
INFO: [ app_begin ] --END-- [ RunTime:0.000000s ]
NOTIC: [2] Cannot use a scalar value as an array D:\WWW\duoqy\duoqy\dqy\Lib\Core\Action.class.php 第 208 行.
SQL: SHOW COLUMNS FROM `tp_qywebsite` [ RunTime:0.000000s ]
SQL: SELECT * FROM `tp_qywebsite` WHERE ( `uid` = 1 ) LIMIT 1   [ RunTime:0.015625s ]
SQL: SHOW COLUMNS FROM `tp_qyworkflow` [ RunTime:0.046876s ]
SQL: SELECT COUNT(*) AS tp_count FROM `tp_qyworkflow` WHERE ( `user_id` = 25 ) LIMIT 1   [ RunTime:0.000000s ]
SQL: SELECT * FROM `tp_qyworkflow` WHERE ( `user_id` = 25 ) ORDER BY time desc LIMIT 0,15   [ RunTime:0.000000s ]
INFO: [ view_template ] --START--
INFO: Run LocationTemplate Behavior [ RunTime:-0.125003s ]
INFO: [ view_template ] --END-- [ RunTime:0.031250s ]
INFO: [ view_parse ] --START--
NOTIC: [8] Undefined index: site_title D:\WWW\duoqy\duoqy\dqy\Data\Conf\logs\Cache\Qyapp\805ddcbbec96e7666901107f1a16804f.php 第 4 行.
NOTIC: [8] Undefined index: headimg D:\WWW\duoqy\duoqy\dqy\Data\Conf\logs\Cache\Qyapp\805ddcbbec96e7666901107f1a16804f.php 第 82 行.
NOTIC: [8] Undefined variable: token D:\WWW\duoqy\duoqy\dqy\Data\Conf\logs\Cache\Qyapp\805ddcbbec96e7666901107f1a16804f.php 第 134 行.
NOTIC: [8] Undefined variable: token D:\WWW\duoqy\duoqy\dqy\Data\Conf\logs\Cache\Qyapp\805ddcbbec96e7666901107f1a16804f.php 第 137 行.
NOTIC: [8] Undefined variable: token D:\WWW\duoqy\duoqy\dqy\Data\Conf\logs\Cache\Qyapp\805ddcbbec96e7666901107f1a16804f.php 第 140 行.
NOTIC: [8] Undefined variable: token D:\WWW\duoqy\duoqy\dqy\Data\Conf\logs\Cache\Qyapp\805ddcbbec96e7666901107f1a16804f.php 第 143 行.
NOTIC: [8] Undefined variable: token D:\WWW\duoqy\duoqy\dqy\Data\Conf\logs\Cache\Qyapp\805ddcbbec96e7666901107f1a16804f.php 第 148 行.
NOTIC: [8] Undefined index: node_id D:\WWW\duoqy\duoqy\dqy\Data\Conf\logs\Cache\Qyapp\805ddcbbec96e7666901107f1a16804f.php 第 205 行.
NOTIC: [8] Undefined index: id D:\WWW\duoqy\duoqy\dqy\Data\Conf\logs\Cache\Qyapp\805ddcbbec96e7666901107f1a16804f.php 第 233 行.
NOTIC: [8] Undefined index: id D:\WWW\duoqy\duoqy\dqy\Data\Conf\logs\Cache\Qyapp\805ddcbbec96e7666901107f1a16804f.php 第 235 行.
NOTIC: [8] Undefined index: id D:\WWW\duoqy\duoqy\dqy\Data\Conf\logs\Cache\Qyapp\805ddcbbec96e7666901107f1a16804f.php 第 237 行.
NOTIC: [8] Undefined index: id D:\WWW\duoqy\duoqy\dqy\Data\Conf\logs\Cache\Qyapp\805ddcbbec96e7666901107f1a16804f.php 第 263 行.
INFO: Run ParseTemplate Behavior [ RunTime:-0.156253s ]
INFO: [ view_parse ] --END-- [ RunTime:0.078127s ]
INFO: [ view_filter ] --START--
INFO: Run ContentReplace Behavior [ RunTime:-0.234380s ]
NOTIC: [8] Array to string conversion D:\WWW\duoqy\duoqy\dqy\Lib\Core\Behavior.class.php 第 60 行.
NOTIC: [2] implode(): Invalid arguments passed D:\WWW\duoqy\duoqy\dqy\Lib\Behavior\TokenBuildBehavior.class.php 第 71 行.
NOTIC: [2] unlink(./Data/Conf/logs/Temp/0/b/0bd00bad38522939af44147774e596f2.php): No such file or directory D:\WWW\duoqy\duoqy\dqy\Lib\Driver\Cache\CacheFile.class.php 第 176 行.
INFO: Run TokenBuild Behavior [ RunTime:-0.234380s ]
INFO: Run WriteHtmlCache Behavior [ RunTime:-0.234380s ]
INFO: Run ShowRuntime Behavior [ RunTime:-0.234380s ]
INFO: [ view_filter ] --END-- [ RunTime:0.000000s ]
INFO: [ view_end ] --START--
INFO: Run ShowPageTrace Behavior [ RunTime:-0.234380s ]
INFO: [ view_end ] --END-- [ RunTime:0.000000s ]

[ 2015-11-28T15:02:04+08:00 ] 58.48.10.52 /index.php?g=Qyapp&m=Workflow&a=info&mid=37&id=56
INFO: [ app_begin ] --START--
INFO: Run ReadHtmlCache Behavior [ RunTime:0.000000s ]
INFO: [ app_begin ] --END-- [ RunTime:0.000000s ]
NOTIC: [2] Cannot use a scalar value as an array D:\WWW\duoqy\duoqy\dqy\Lib\Core\Action.class.php 第 208 行.
SQL: SHOW COLUMNS FROM `tp_qywebsite` [ RunTime:0.000000s ]
SQL: SELECT * FROM `tp_qywebsite` WHERE ( `uid` = 1 ) LIMIT 1   [ RunTime:0.000000s ]
SQL: SHOW COLUMNS FROM `tp_qyworkflow` [ RunTime:0.000000s ]
SQL: SELECT * FROM `tp_qyworkflow` WHERE ( `id` = 56 ) LIMIT 1   [ RunTime:0.000000s ]
INFO: [ view_template ] --START--
INFO: Run LocationTemplate Behavior [ RunTime:-0.015625s ]
INFO: [ view_template ] --END-- [ RunTime:0.000000s ]
INFO: [ view_parse ] --START--
NOTIC: [8] Undefined index: is_default D:\WWW\duoqy\duoqy\dqy\Data\Conf\logs\Cache\Qyapp\c5473761a06a7d4069c924a0075d4052.php 第 47 行.
INFO: Run ParseTemplate Behavior [ RunTime:-0.015625s ]
INFO: [ view_parse ] --END-- [ RunTime:0.031251s ]
INFO: [ view_filter ] --START--
INFO: Run ContentReplace Behavior [ RunTime:-0.046876s ]
NOTIC: [8] Array to string conversion D:\WWW\duoqy\duoqy\dqy\Lib\Core\Behavior.class.php 第 60 行.
NOTIC: [2] implode(): Invalid arguments passed D:\WWW\duoqy\duoqy\dqy\Lib\Behavior\TokenBuildBehavior.class.php 第 71 行.
NOTIC: [2] unlink(./Data/Conf/logs/Temp/0/b/0bd00bad38522939af44147774e596f2.php): No such file or directory D:\WWW\duoqy\duoqy\dqy\Lib\Driver\Cache\CacheFile.class.php 第 176 行.
INFO: Run TokenBuild Behavior [ RunTime:-0.046876s ]
INFO: Run WriteHtmlCache Behavior [ RunTime:-0.046876s ]
INFO: Run ShowRuntime Behavior [ RunTime:-0.046876s ]
INFO: [ view_filter ] --END-- [ RunTime:0.000000s ]
INFO: [ view_end ] --START--
INFO: Run ShowPageTrace Behavior [ RunTime:-0.046876s ]
INFO: [ view_end ] --END-- [ RunTime:0.000000s ]

[ 2015-11-28T15:02:06+08:00 ] 58.48.10.52 /index.php?g=Qyapp&m=Menu&a=menu&mid=37
INFO: [ app_begin ] --START--
INFO: Run ReadHtmlCache Behavior [ RunTime:0.000000s ]
INFO: [ app_begin ] --END-- [ RunTime:0.000000s ]
NOTIC: [2] Cannot use a scalar value as an array D:\WWW\duoqy\duoqy\dqy\Lib\Core\Action.class.php 第 208 行.
SQL: SHOW COLUMNS FROM `tp_qymenu` [ RunTime:0.015625s ]
SQL: SELECT `id`,`name` FROM `tp_qymenu` WHERE ( `user_id` = 25 ) AND ( `pid` = 0 ) AND ( `appid` = 37 )  [ RunTime:0.000000s ]
SQL: SELECT `id`,`name` FROM `tp_qymenu` WHERE ( `pid` = 638 ) AND ( `user_id` = 25 ) AND ( `appid` = 37 )  [ RunTime:0.000000s ]
SQL: SELECT `id`,`name` FROM `tp_qymenu` WHERE ( `pid` = 637 ) AND ( `user_id` = 25 ) AND ( `appid` = 37 )  [ RunTime:0.000000s ]
SQL: SELECT `id`,`name` FROM `tp_qymenu` WHERE ( `pid` = 636 ) AND ( `user_id` = 25 ) AND ( `appid` = 37 )  [ RunTime:0.000000s ]
SQL: SHOW COLUMNS FROM `tp_qymyapp` [ RunTime:0.000000s ]
SQL: SELECT `token` FROM `tp_qymyapp` WHERE ( `userid` = 25 ) AND ( `id` = 37 ) LIMIT 1   [ RunTime:0.000000s ]
INFO: [ view_template ] --START--
INFO: Run LocationTemplate Behavior [ RunTime:-0.078127s ]
INFO: [ view_template ] --END-- [ RunTime:0.031250s ]
INFO: [ view_parse ] --START--
NOTIC: [8] Undefined index: site_title D:\WWW\duoqy\duoqy\dqy\Data\Conf\logs\Cache\Qyapp\0493834ee0e81b16ae415eed7e7f797a.php 第 4 行.
NOTIC: [8] Undefined index: headimg D:\WWW\duoqy\duoqy\dqy\Data\Conf\logs\Cache\Qyapp\0493834ee0e81b16ae415eed7e7f797a.php 第 82 行.
NOTIC: [8] Undefined index: node_id D:\WWW\duoqy\duoqy\dqy\Data\Conf\logs\Cache\Qyapp\0493834ee0e81b16ae415eed7e7f797a.php 第 205 行.
INFO: Run ParseTemplate Behavior [ RunTime:-0.109377s ]
INFO: [ view_parse ] --END-- [ RunTime:0.031251s ]
INFO: [ view_filter ] --START--
INFO: Run ContentReplace Behavior [ RunTime:-0.140628s ]
NOTIC: [8] Array to string conversion D:\WWW\duoqy\duoqy\dqy\Lib\Core\Behavior.class.php 第 60 行.
NOTIC: [2] implode(): Invalid arguments passed D:\WWW\duoqy\duoqy\dqy\Lib\Behavior\TokenBuildBehavior.class.php 第 71 行.
NOTIC: [2] unlink(./Data/Conf/logs/Temp/0/b/0bd00bad38522939af44147774e596f2.php): No such file or directory D:\WWW\duoqy\duoqy\dqy\Lib\Driver\Cache\CacheFile.class.php 第 176 行.
INFO: Run TokenBuild Behavior [ RunTime:-0.140628s ]
INFO: Run WriteHtmlCache Behavior [ RunTime:-0.140628s ]
INFO: Run ShowRuntime Behavior [ RunTime:-0.140628s ]
INFO: [ view_filter ] --END-- [ RunTime:0.000000s ]
INFO: [ view_end ] --START--
INFO: Run ShowPageTrace Behavior [ RunTime:-0.140628s ]
INFO: [ view_end ] --END-- [ RunTime:0.000000s ]

[ 2015-11-28T15:02:07+08:00 ] 58.48.10.52 /index.php?g=Qyapp&m=Menu&a=subMenu&mid=37
INFO: [ app_begin ] --START--
INFO: Run ReadHtmlCache Behavior [ RunTime:0.000000s ]
INFO: [ app_begin ] --END-- [ RunTime:0.000000s ]
NOTIC: [2] Cannot use a scalar value as an array D:\WWW\duoqy\duoqy\dqy\Lib\Core\Action.class.php 第 208 行.
SQL: SHOW COLUMNS FROM `tp_qymyapp` [ RunTime:0.000000s ]
SQL: SELECT * FROM `tp_qymyapp` WHERE ( `userid` = 25 ) AND ( `id` = 37 ) LIMIT 1   [ RunTime:0.000000s ]
INFO: [ view_template ] --START--
INFO: Run LocationTemplate Behavior [ RunTime:-0.015625s ]
INFO: [ view_template ] --END-- [ RunTime:0.000000s ]
INFO: [ view_parse ] --START--
INFO: Run ParseTemplate Behavior [ RunTime:-0.015625s ]
INFO: [ view_parse ] --END-- [ RunTime:0.031251s ]
INFO: [ view_filter ] --START--
INFO: Run ContentReplace Behavior [ RunTime:-0.046876s ]
NOTIC: [8] Array to string conversion D:\WWW\duoqy\duoqy\dqy\Lib\Core\Behavior.class.php 第 60 行.
NOTIC: [2] implode(): Invalid arguments passed D:\WWW\duoqy\duoqy\dqy\Lib\Behavior\TokenBuildBehavior.class.php 第 71 行.
NOTIC: [2] unlink(./Data/Conf/logs/Temp/0/b/0bd00bad38522939af44147774e596f2.php): No such file or directory D:\WWW\duoqy\duoqy\dqy\Lib\Driver\Cache\CacheFile.class.php 第 176 行.
INFO: Run TokenBuild Behavior [ RunTime:-0.046876s ]
INFO: Run WriteHtmlCache Behavior [ RunTime:-0.062501s ]
INFO: Run ShowRuntime Behavior [ RunTime:-0.062501s ]
INFO: [ view_filter ] --END-- [ RunTime:0.015625s ]
INFO: [ view_end ] --START--
INFO: Run ShowPageTrace Behavior [ RunTime:-0.062501s ]
INFO: [ view_end ] --END-- [ RunTime:0.000000s ]

[ 2015-11-28T15:02:09+08:00 ] 58.48.10.52 /index.php?g=Qyapp&m=Appmsg&a=conf&mid=37
INFO: [ app_begin ] --START--
INFO: Run ReadHtmlCache Behavior [ RunTime:0.000000s ]
INFO: [ app_begin ] --END-- [ RunTime:0.000000s ]
NOTIC: [2] Cannot use a scalar value as an array D:\WWW\duoqy\duoqy\dqy\Lib\Core\Action.class.php 第 208 行.
SQL: SHOW COLUMNS FROM `tp_qymyapp` [ RunTime:0.000000s ]
SQL: SELECT * FROM `tp_qymyapp` WHERE ( `id` = 37 ) AND ( `userid` = 25 ) LIMIT 1   [ RunTime:0.000000s ]
INFO: [ view_template ] --START--
INFO: Run LocationTemplate Behavior [ RunTime:-0.015625s ]
INFO: [ view_template ] --END-- [ RunTime:0.015625s ]
INFO: [ view_parse ] --START--
NOTIC: [8] Undefined index: site_title D:\WWW\duoqy\duoqy\dqy\Data\Conf\logs\Cache\Qyapp\e9297f0b86721e34ff85164862287f3c.php 第 4 行.
NOTIC: [8] Undefined index: headimg D:\WWW\duoqy\duoqy\dqy\Data\Conf\logs\Cache\Qyapp\e9297f0b86721e34ff85164862287f3c.php 第 82 行.
NOTIC: [8] Undefined variable: token D:\WWW\duoqy\duoqy\dqy\Data\Conf\logs\Cache\Qyapp\e9297f0b86721e34ff85164862287f3c.php 第 134 行.
NOTIC: [8] Undefined variable: token D:\WWW\duoqy\duoqy\dqy\Data\Conf\logs\Cache\Qyapp\e9297f0b86721e34ff85164862287f3c.php 第 137 行.
NOTIC: [8] Undefined variable: token D:\WWW\duoqy\duoqy\dqy\Data\Conf\logs\Cache\Qyapp\e9297f0b86721e34ff85164862287f3c.php 第 140 行.
NOTIC: [8] Undefined variable: token D:\WWW\duoqy\duoqy\dqy\Data\Conf\logs\Cache\Qyapp\e9297f0b86721e34ff85164862287f3c.php 第 143 行.
NOTIC: [8] Undefined variable: token D:\WWW\duoqy\duoqy\dqy\Data\Conf\logs\Cache\Qyapp\e9297f0b86721e34ff85164862287f3c.php 第 148 行.
NOTIC: [8] Undefined index: node_id D:\WWW\duoqy\duoqy\dqy\Data\Conf\logs\Cache\Qyapp\e9297f0b86721e34ff85164862287f3c.php 第 205 行.
NOTIC: [8] Undefined index: id D:\WWW\duoqy\duoqy\dqy\Data\Conf\logs\Cache\Qyapp\e9297f0b86721e34ff85164862287f3c.php 第 281 行.
NOTIC: [8] Use of undefined constant HTTP_HOST - assumed 'HTTP_HOST' D:\WWW\duoqy\duoqy\dqy\Data\Conf\logs\Cache\Qyapp\e9297f0b86721e34ff85164862287f3c.php 第 358 行.
NOTIC: [8] Use of undefined constant HTTP_HOST - assumed 'HTTP_HOST' D:\WWW\duoqy\duoqy\dqy\Data\Conf\logs\Cache\Qyapp\e9297f0b86721e34ff85164862287f3c.php 第 361 行.
NOTIC: [8] Undefined index: token D:\WWW\duoqy\duoqy\dqy\Data\Conf\logs\Cache\Qyapp\e9297f0b86721e34ff85164862287f3c.php 第 394 行.
NOTIC: [8] Undefined index: token D:\WWW\duoqy\duoqy\dqy\Data\Conf\logs\Cache\Qyapp\e9297f0b86721e34ff85164862287f3c.php 第 399 行.
INFO: Run ParseTemplate Behavior [ RunTime:-0.031250s ]
INFO: [ view_parse ] --END-- [ RunTime:0.015626s ]
INFO: [ view_filter ] --START--
INFO: Run ContentReplace Behavior [ RunTime:-0.046876s ]
NOTIC: [8] Array to string conversion D:\WWW\duoqy\duoqy\dqy\Lib\Core\Behavior.class.php 第 60 行.
NOTIC: [2] implode(): Invalid arguments passed D:\WWW\duoqy\duoqy\dqy\Lib\Behavior\TokenBuildBehavior.class.php 第 71 行.
NOTIC: [2] unlink(./Data/Conf/logs/Temp/0/b/0bd00bad38522939af44147774e596f2.php): No such file or directory D:\WWW\duoqy\duoqy\dqy\Lib\Driver\Cache\CacheFile.class.php 第 176 行.
INFO: Run TokenBuild Behavior [ RunTime:-0.046876s ]
INFO: Run WriteHtmlCache Behavior [ RunTime:-0.046876s ]
INFO: Run ShowRuntime Behavior [ RunTime:-0.046876s ]
INFO: [ view_filter ] --END-- [ RunTime:0.000000s ]
INFO: [ view_end ] --START--
INFO: Run ShowPageTrace Behavior [ RunTime:-0.046876s ]
INFO: [ view_end ] --END-- [ RunTime:0.000000s ]

[ 2015-11-28T15:02:11+08:00 ] 58.48.10.52 /index.php?g=Qyapp&m=Menu&a=subMenu&mid=37
INFO: [ app_begin ] --START--
INFO: Run ReadHtmlCache Behavior [ RunTime:0.000000s ]
INFO: [ app_begin ] --END-- [ RunTime:0.000000s ]
NOTIC: [2] Cannot use a scalar value as an array D:\WWW\duoqy\duoqy\dqy\Lib\Core\Action.class.php 第 208 行.
SQL: SHOW COLUMNS FROM `tp_qymyapp` [ RunTime:0.015626s ]
SQL: SELECT * FROM `tp_qymyapp` WHERE ( `userid` = 25 ) AND ( `id` = 37 ) LIMIT 1   [ RunTime:0.000000s ]
INFO: [ view_template ] --START--
INFO: Run LocationTemplate Behavior [ RunTime:-0.031251s ]
INFO: [ view_template ] --END-- [ RunTime:0.000000s ]
INFO: [ view_parse ] --START--
INFO: Run ParseTemplate Behavior [ RunTime:-0.031251s ]
INFO: [ view_parse ] --END-- [ RunTime:0.000000s ]
INFO: [ view_filter ] --START--
INFO: Run ContentReplace Behavior [ RunTime:-0.031251s ]
NOTIC: [8] Array to string conversion D:\WWW\duoqy\duoqy\dqy\Lib\Core\Behavior.class.php 第 60 行.
NOTIC: [2] implode(): Invalid arguments passed D:\WWW\duoqy\duoqy\dqy\Lib\Behavior\TokenBuildBehavior.class.php 第 71 行.
NOTIC: [2] unlink(./Data/Conf/logs/Temp/0/b/0bd00bad38522939af44147774e596f2.php): No such file or directory D:\WWW\duoqy\duoqy\dqy\Lib\Driver\Cache\CacheFile.class.php 第 176 行.
INFO: Run TokenBuild Behavior [ RunTime:-0.031251s ]
INFO: Run WriteHtmlCache Behavior [ RunTime:-0.031251s ]
INFO: Run ShowRuntime Behavior [ RunTime:-0.031251s ]
INFO: [ view_filter ] --END-- [ RunTime:0.000000s ]
INFO: [ view_end ] --START--
INFO: Run ShowPageTrace Behavior [ RunTime:-0.031251s ]
INFO: [ view_end ] --END-- [ RunTime:0.000000s ]

[ 2015-11-28T15:02:12+08:00 ] 58.48.10.52 /index.php?g=Qyapp&m=Appslist&a=appList
INFO: [ app_begin ] --START--
INFO: Run ReadHtmlCache Behavior [ RunTime:0.000000s ]
INFO: [ app_begin ] --END-- [ RunTime:0.000000s ]
NOTIC: [2] Cannot use a scalar value as an array D:\WWW\duoqy\duoqy\dqy\Lib\Core\Action.class.php 第 208 行.
SQL: Describe  `tp_qytoken` `agency_id`; [ RunTime:0.000000s ]
SQL: Describe  `tp_qyapplist` `category`; [ RunTime:0.000000s ]
SQL: Describe  `tp_qymyapp` `category`; [ RunTime:0.015625s ]
SQL: SHOW COLUMNS FROM `tp_qytoken` [ RunTime:0.000000s ]
SQL: SELECT * FROM `tp_qytoken` WHERE ( `id` = 25 ) LIMIT 1   [ RunTime:0.000000s ]
SQL: SHOW COLUMNS FROM `tp_qymyapp` [ RunTime:0.000000s ]
SQL: SELECT * FROM `tp_qymyapp` WHERE ( `status` = 1 ) AND ( `userid` = 25 )  [ RunTime:0.000000s ]
SQL: SHOW COLUMNS FROM `tp_qyapplist` [ RunTime:0.000000s ]
SQL: SELECT * FROM `tp_qyapplist` WHERE ( `id` = 1 ) AND ( `install` = 1 ) LIMIT 1   [ RunTime:0.000000s ]
SQL: SELECT * FROM `tp_qyapplist` WHERE ( `id` = 5 ) AND ( `install` = 1 ) LIMIT 1   [ RunTime:0.000000s ]
SQL: SELECT * FROM `tp_qyapplist` WHERE ( `id` = 4 ) AND ( `install` = 1 ) LIMIT 1   [ RunTime:0.000000s ]
SQL: SELECT * FROM `tp_qyapplist` WHERE ( `id` = 6 ) AND ( `install` = 1 ) LIMIT 1   [ RunTime:0.000000s ]
SQL: SELECT * FROM `tp_qyapplist` WHERE ( `id` = 11 ) AND ( `install` = 1 ) LIMIT 1   [ RunTime:0.000000s ]
SQL: SELECT * FROM `tp_qyapplist` WHERE ( `id` = 14 ) AND ( `install` = 1 ) LIMIT 1   [ RunTime:0.000000s ]
SQL: SELECT * FROM `tp_qyapplist` WHERE ( `id` = 15 ) AND ( `install` = 1 ) LIMIT 1   [ RunTime:0.000000s ]
INFO: [ view_template ] --START--
INFO: Run LocationTemplate Behavior [ RunTime:-0.031250s ]
INFO: [ view_template ] --END-- [ RunTime:0.015626s ]
INFO: [ view_parse ] --START--
NOTIC: [8] Undefined index: site_title D:\WWW\duoqy\duoqy\dqy\Data\Conf\logs\Cache\Qyapp\7ba69f4e559ef867a770aa5d6658a059.php 第 4 行.
NOTIC: [8] Undefined index: headimg D:\WWW\duoqy\duoqy\dqy\Data\Conf\logs\Cache\Qyapp\7ba69f4e559ef867a770aa5d6658a059.php 第 82 行.
NOTIC: [8] Undefined variable: token D:\WWW\duoqy\duoqy\dqy\Data\Conf\logs\Cache\Qyapp\7ba69f4e559ef867a770aa5d6658a059.php 第 134 行.
NOTIC: [8] Undefined variable: token D:\WWW\duoqy\duoqy\dqy\Data\Conf\logs\Cache\Qyapp\7ba69f4e559ef867a770aa5d6658a059.php 第 137 行.
NOTIC: [8] Undefined variable: token D:\WWW\duoqy\duoqy\dqy\Data\Conf\logs\Cache\Qyapp\7ba69f4e559ef867a770aa5d6658a059.php 第 140 行.
NOTIC: [8] Undefined variable: token D:\WWW\duoqy\duoqy\dqy\Data\Conf\logs\Cache\Qyapp\7ba69f4e559ef867a770aa5d6658a059.php 第 143 行.
NOTIC: [8] Undefined variable: token D:\WWW\duoqy\duoqy\dqy\Data\Conf\logs\Cache\Qyapp\7ba69f4e559ef867a770aa5d6658a059.php 第 148 行.
NOTIC: [8] Undefined index: node_id D:\WWW\duoqy\duoqy\dqy\Data\Conf\logs\Cache\Qyapp\7ba69f4e559ef867a770aa5d6658a059.php 第 205 行.
NOTIC: [8] Undefined index: head D:\WWW\duoqy\duoqy\dqy\Data\Conf\logs\Cache\Qyapp\7ba69f4e559ef867a770aa5d6658a059.php 第 272 行.
NOTIC: [8] Undefined index: info D:\WWW\duoqy\duoqy\dqy\Data\Conf\logs\Cache\Qyapp\7ba69f4e559ef867a770aa5d6658a059.php 第 273 行.
NOTIC: [8] Undefined index: data D:\WWW\duoqy\duoqy\dqy\Data\Conf\logs\Cache\Qyapp\7ba69f4e559ef867a770aa5d6658a059.php 第 275 行.
NOTIC: [8] Undefined index: head D:\WWW\duoqy\duoqy\dqy\Data\Conf\logs\Cache\Qyapp\7ba69f4e559ef867a770aa5d6658a059.php 第 292 行.
NOTIC: [8] Undefined index: info D:\WWW\duoqy\duoqy\dqy\Data\Conf\logs\Cache\Qyapp\7ba69f4e559ef867a770aa5d6658a059.php 第 293 行.
NOTIC: [8] Undefined index: data D:\WWW\duoqy\duoqy\dqy\Data\Conf\logs\Cache\Qyapp\7ba69f4e559ef867a770aa5d6658a059.php 第 295 行.
NOTIC: [8] Undefined index: head D:\WWW\duoqy\duoqy\dqy\Data\Conf\logs\Cache\Qyapp\7ba69f4e559ef867a770aa5d6658a059.php 第 312 行.
NOTIC: [8] Undefined index: info D:\WWW\duoqy\duoqy\dqy\Data\Conf\logs\Cache\Qyapp\7ba69f4e559ef867a770aa5d6658a059.php 第 313 行.
NOTIC: [8] Undefined index: data D:\WWW\duoqy\duoqy\dqy\Data\Conf\logs\Cache\Qyapp\7ba69f4e559ef867a770aa5d6658a059.php 第 315 行.
NOTIC: [8] Undefined index: head D:\WWW\duoqy\duoqy\dqy\Data\Conf\logs\Cache\Qyapp\7ba69f4e559ef867a770aa5d6658a059.php 第 332 行.
NOTIC: [8] Undefined index: info D:\WWW\duoqy\duoqy\dqy\Data\Conf\logs\Cache\Qyapp\7ba69f4e559ef867a770aa5d6658a059.php 第 333 行.
NOTIC: [8] Undefined index: data D:\WWW\duoqy\duoqy\dqy\Data\Conf\logs\Cache\Qyapp\7ba69f4e559ef867a770aa5d6658a059.php 第 335 行.
NOTIC: [8] Undefined index: head D:\WWW\duoqy\duoqy\dqy\Data\Conf\logs\Cache\Qyapp\7ba69f4e559ef867a770aa5d6658a059.php 第 352 行.
NOTIC: [8] Undefined index: info D:\WWW\duoqy\duoqy\dqy\Data\Conf\logs\Cache\Qyapp\7ba69f4e559ef867a770aa5d6658a059.php 第 353 行.
NOTIC: [8] Undefined index: data D:\WWW\duoqy\duoqy\dqy\Data\Conf\logs\Cache\Qyapp\7ba69f4e559ef867a770aa5d6658a059.php 第 355 行.
NOTIC: [8] Undefined index: head D:\WWW\duoqy\duoqy\dqy\Data\Conf\logs\Cache\Qyapp\7ba69f4e559ef867a770aa5d6658a059.php 第 372 行.
NOTIC: [8] Undefined index: info D:\WWW\duoqy\duoqy\dqy\Data\Conf\logs\Cache\Qyapp\7ba69f4e559ef867a770aa5d6658a059.php 第 373 行.
NOTIC: [8] Undefined index: data D:\WWW\duoqy\duoqy\dqy\Data\Conf\logs\Cache\Qyapp\7ba69f4e559ef867a770aa5d6658a059.php 第 375 行.
NOTIC: [8] Undefined index: mid D:\WWW\duoqy\duoqy\dqy\Data\Conf\logs\Cache\Qyapp\7ba69f4e559ef867a770aa5d6658a059.php 第 432 行.
NOTIC: [8] Undefined index: mid D:\WWW\duoqy\duoqy\dqy\Data\Conf\logs\Cache\Qyapp\7ba69f4e559ef867a770aa5d6658a059.php 第 438 行.
INFO: Run ParseTemplate Behavior [ RunTime:-0.046876s ]
INFO: [ view_parse ] --END-- [ RunTime:0.015625s ]
INFO: [ view_filter ] --START--
INFO: Run ContentReplace Behavior [ RunTime:-0.062501s ]
NOTIC: [8] Array to string conversion D:\WWW\duoqy\duoqy\dqy\Lib\Core\Behavior.class.php 第 60 行.
NOTIC: [2] implode(): Invalid arguments passed D:\WWW\duoqy\duoqy\dqy\Lib\Behavior\TokenBuildBehavior.class.php 第 71 行.
NOTIC: [2] unlink(./Data/Conf/logs/Temp/0/b/0bd00bad38522939af44147774e596f2.php): No such file or directory D:\WWW\duoqy\duoqy\dqy\Lib\Driver\Cache\CacheFile.class.php 第 176 行.
INFO: Run TokenBuild Behavior [ RunTime:-0.062501s ]
INFO: Run WriteHtmlCache Behavior [ RunTime:-0.078126s ]
INFO: Run ShowRuntime Behavior [ RunTime:-0.078126s ]
INFO: [ view_filter ] --END-- [ RunTime:0.015625s ]
INFO: [ view_end ] --START--
INFO: Run ShowPageTrace Behavior [ RunTime:-0.078126s ]
INFO: [ view_end ] --END-- [ RunTime:0.000000s ]

[ 2015-11-28T15:02:16+08:00 ] 58.48.10.52 /index.php?g=Qyapp&m=Workflow&a=index&mid=37
INFO: [ app_begin ] --START--
INFO: Run ReadHtmlCache Behavior [ RunTime:0.000000s ]
INFO: [ app_begin ] --END-- [ RunTime:0.015625s ]
NOTIC: [2] Cannot use a scalar value as an array D:\WWW\duoqy\duoqy\dqy\Lib\Core\Action.class.php 第 208 行.
SQL: SHOW COLUMNS FROM `tp_qywebsite` [ RunTime:0.015625s ]
SQL: SELECT * FROM `tp_qywebsite` WHERE ( `uid` = 1 ) LIMIT 1   [ RunTime:0.000000s ]
SQL: SHOW COLUMNS FROM `tp_qyworkflow` [ RunTime:0.000000s ]
SQL: SELECT COUNT(*) AS tp_count FROM `tp_qyworkflow` WHERE ( `user_id` = 25 ) LIMIT 1   [ RunTime:0.000000s ]
SQL: SELECT * FROM `tp_qyworkflow` WHERE ( `user_id` = 25 ) ORDER BY time desc LIMIT 0,15   [ RunTime:0.000000s ]
INFO: [ view_template ] --START--
INFO: Run LocationTemplate Behavior [ RunTime:-0.031250s ]
INFO: [ view_template ] --END-- [ RunTime:0.000000s ]
INFO: [ view_parse ] --START--
NOTIC: [8] Undefined index: site_title D:\WWW\duoqy\duoqy\dqy\Data\Conf\logs\Cache\Qyapp\805ddcbbec96e7666901107f1a16804f.php 第 4 行.
NOTIC: [8] Undefined index: headimg D:\WWW\duoqy\duoqy\dqy\Data\Conf\logs\Cache\Qyapp\805ddcbbec96e7666901107f1a16804f.php 第 82 行.
NOTIC: [8] Undefined variable: token D:\WWW\duoqy\duoqy\dqy\Data\Conf\logs\Cache\Qyapp\805ddcbbec96e7666901107f1a16804f.php 第 134 行.
NOTIC: [8] Undefined variable: token D:\WWW\duoqy\duoqy\dqy\Data\Conf\logs\Cache\Qyapp\805ddcbbec96e7666901107f1a16804f.php 第 137 行.
NOTIC: [8] Undefined variable: token D:\WWW\duoqy\duoqy\dqy\Data\Conf\logs\Cache\Qyapp\805ddcbbec96e7666901107f1a16804f.php 第 140 行.
NOTIC: [8] Undefined variable: token D:\WWW\duoqy\duoqy\dqy\Data\Conf\logs\Cache\Qyapp\805ddcbbec96e7666901107f1a16804f.php 第 143 行.
NOTIC: [8] Undefined variable: token D:\WWW\duoqy\duoqy\dqy\Data\Conf\logs\Cache\Qyapp\805ddcbbec96e7666901107f1a16804f.php 第 148 行.
NOTIC: [8] Undefined index: node_id D:\WWW\duoqy\duoqy\dqy\Data\Conf\logs\Cache\Qyapp\805ddcbbec96e7666901107f1a16804f.php 第 205 行.
NOTIC: [8] Undefined index: id D:\WWW\duoqy\duoqy\dqy\Data\Conf\logs\Cache\Qyapp\805ddcbbec96e7666901107f1a16804f.php 第 233 行.
NOTIC: [8] Undefined index: id D:\WWW\duoqy\duoqy\dqy\Data\Conf\logs\Cache\Qyapp\805ddcbbec96e7666901107f1a16804f.php 第 235 行.
NOTIC: [8] Undefined index: id D:\WWW\duoqy\duoqy\dqy\Data\Conf\logs\Cache\Qyapp\805ddcbbec96e7666901107f1a16804f.php 第 237 行.
NOTIC: [8] Undefined index: id D:\WWW\duoqy\duoqy\dqy\Data\Conf\logs\Cache\Qyapp\805ddcbbec96e7666901107f1a16804f.php 第 263 行.
INFO: Run ParseTemplate Behavior [ RunTime:-0.031250s ]
INFO: [ view_parse ] --END-- [ RunTime:0.015626s ]
INFO: [ view_filter ] --START--
INFO: Run ContentReplace Behavior [ RunTime:-0.046876s ]
NOTIC: [8] Array to string conversion D:\WWW\duoqy\duoqy\dqy\Lib\Core\Behavior.class.php 第 60 行.
NOTIC: [2] implode(): Invalid arguments passed D:\WWW\duoqy\duoqy\dqy\Lib\Behavior\TokenBuildBehavior.class.php 第 71 行.
NOTIC: [2] unlink(./Data/Conf/logs/Temp/0/b/0bd00bad38522939af44147774e596f2.php): No such file or directory D:\WWW\duoqy\duoqy\dqy\Lib\Driver\Cache\CacheFile.class.php 第 176 行.
INFO: Run TokenBuild Behavior [ RunTime:-0.046876s ]
INFO: Run WriteHtmlCache Behavior [ RunTime:-0.046876s ]
INFO: Run ShowRuntime Behavior [ RunTime:-0.046876s ]
INFO: [ view_filter ] --END-- [ RunTime:0.000000s ]
INFO: [ view_end ] --START--
INFO: Run ShowPageTrace Behavior [ RunTime:-0.046876s ]
INFO: [ view_end ] --END-- [ RunTime:0.000000s ]

[ 2015-11-28T15:02:21+08:00 ] ERR: (ThinkException) 无法加载模块:Applyflow
[ 2015-11-28T15:02:23+08:00 ] 58.48.10.52 /index.php?g=Qyapp&m=Task&a=index&mid=57
INFO: [ app_begin ] --START--
INFO: Run ReadHtmlCache Behavior [ RunTime:0.000000s ]
INFO: [ app_begin ] --END-- [ RunTime:0.000000s ]
NOTIC: [2] Cannot use a scalar value as an array D:\WWW\duoqy\duoqy\dqy\Lib\Core\Action.class.php 第 208 行.
SQL: SHOW COLUMNS FROM `tp_qywebsite` [ RunTime:0.000000s ]
SQL: SELECT * FROM `tp_qywebsite` WHERE ( `uid` = 1 ) LIMIT 1   [ RunTime:0.000000s ]
SQL: SHOW COLUMNS FROM `tp_qytask` [ RunTime:0.031251s ]
SQL: SELECT COUNT(*) AS tp_count FROM `tp_qytask` WHERE ( `user_id` = 25 ) LIMIT 1   [ RunTime:0.000000s ]
SQL: SELECT * FROM `tp_qytask` WHERE ( `user_id` = 25 ) ORDER BY id desc LIMIT 0,15   [ RunTime:0.015625s ]
INFO: [ view_template ] --START--
INFO: Run LocationTemplate Behavior [ RunTime:-0.093752s ]
INFO: [ view_template ] --END-- [ RunTime:0.015625s ]
INFO: [ view_parse ] --START--
NOTIC: [8] Undefined index: site_title D:\WWW\duoqy\duoqy\dqy\Data\Conf\logs\Cache\Qyapp\20b6b5281f5b916fc8bb4e85a1b53a76.php 第 4 行.
NOTIC: [8] Undefined index: headimg D:\WWW\duoqy\duoqy\dqy\Data\Conf\logs\Cache\Qyapp\20b6b5281f5b916fc8bb4e85a1b53a76.php 第 82 行.
NOTIC: [8] Undefined variable: token D:\WWW\duoqy\duoqy\dqy\Data\Conf\logs\Cache\Qyapp\20b6b5281f5b916fc8bb4e85a1b53a76.php 第 134 行.
NOTIC: [8] Undefined variable: token D:\WWW\duoqy\duoqy\dqy\Data\Conf\logs\Cache\Qyapp\20b6b5281f5b916fc8bb4e85a1b53a76.php 第 137 行.
NOTIC: [8] Undefined variable: token D:\WWW\duoqy\duoqy\dqy\Data\Conf\logs\Cache\Qyapp\20b6b5281f5b916fc8bb4e85a1b53a76.php 第 140 行.
NOTIC: [8] Undefined variable: token D:\WWW\duoqy\duoqy\dqy\Data\Conf\logs\Cache\Qyapp\20b6b5281f5b916fc8bb4e85a1b53a76.php 第 143 行.
NOTIC: [8] Undefined variable: token D:\WWW\duoqy\duoqy\dqy\Data\Conf\logs\Cache\Qyapp\20b6b5281f5b916fc8bb4e85a1b53a76.php 第 148 行.
NOTIC: [8] Undefined index: node_id D:\WWW\duoqy\duoqy\dqy\Data\Conf\logs\Cache\Qyapp\20b6b5281f5b916fc8bb4e85a1b53a76.php 第 205 行.
INFO: Run ParseTemplate Behavior [ RunTime:-0.109377s ]
INFO: [ view_parse ] --END-- [ RunTime:0.078127s ]
INFO: [ view_filter ] --START--
INFO: Run ContentReplace Behavior [ RunTime:-0.187504s ]
NOTIC: [8] Array to string conversion D:\WWW\duoqy\duoqy\dqy\Lib\Core\Behavior.class.php 第 60 行.
NOTIC: [2] implode(): Invalid arguments passed D:\WWW\duoqy\duoqy\dqy\Lib\Behavior\TokenBuildBehavior.class.php 第 71 行.
NOTIC: [2] unlink(./Data/Conf/logs/Temp/0/b/0bd00bad38522939af44147774e596f2.php): No such file or directory D:\WWW\duoqy\duoqy\dqy\Lib\Driver\Cache\CacheFile.class.php 第 176 行.
INFO: Run TokenBuild Behavior [ RunTime:-0.187504s ]
INFO: Run WriteHtmlCache Behavior [ RunTime:-0.187504s ]
INFO: Run ShowRuntime Behavior [ RunTime:-0.187504s ]
INFO: [ view_filter ] --END-- [ RunTime:0.000000s ]
INFO: [ view_end ] --START--
INFO: Run ShowPageTrace Behavior [ RunTime:-0.187504s ]
INFO: [ view_end ] --END-- [ RunTime:0.000000s ]

[ 2015-11-28T15:02:28+08:00 ] 58.48.10.52 /index.php?g=Qyapp&m=Leave&a=index&mid=60
INFO: [ app_begin ] --START--
INFO: Run ReadHtmlCache Behavior [ RunTime:0.000000s ]
INFO: [ app_begin ] --END-- [ RunTime:0.000000s ]
NOTIC: [2] Cannot use a scalar value as an array D:\WWW\duoqy\duoqy\dqy\Lib\Core\Action.class.php 第 208 行.
SQL: SHOW COLUMNS FROM `tp_qywebsite` [ RunTime:0.000000s ]
SQL: SELECT * FROM `tp_qywebsite` WHERE ( `uid` = 1 ) LIMIT 1   [ RunTime:0.000000s ]
SQL: SHOW COLUMNS FROM `tp_qyleave_type` [ RunTime:0.031251s ]
SQL: SELECT * FROM `tp_qyleave_type` WHERE ( `user_id` = 25 )  [ RunTime:0.000000s ]
SQL: SHOW COLUMNS FROM `tp_qyleave_index` [ RunTime:0.015625s ]
NOTIC: [8] Undefined variable: where D:\WWW\duoqy\duoqy\dqy\Lanrain\Lib\Action\Qyapp\LeaveAction.class.php 第 70 行.
SQL: SELECT COUNT(*) AS tp_count FROM `tp_qyleave_index` LIMIT 1   [ RunTime:0.000000s ]
NOTIC: [8] Undefined variable: where D:\WWW\duoqy\duoqy\dqy\Lanrain\Lib\Action\Qyapp\LeaveAction.class.php 第 72 行.
SQL: SELECT * FROM `tp_qyleave_index` ORDER BY name desc LIMIT 0,15   [ RunTime:0.000000s ]
INFO: [ view_template ] --START--
INFO: Run LocationTemplate Behavior [ RunTime:-0.156253s ]
INFO: [ view_template ] --END-- [ RunTime:0.015625s ]
INFO: [ view_parse ] --START--
NOTIC: [8] Undefined index: site_title D:\WWW\duoqy\duoqy\dqy\Data\Conf\logs\Cache\Qyapp\5ff472504c08b50443fc8b457b51bad4.php 第 4 行.
NOTIC: [8] Undefined index: headimg D:\WWW\duoqy\duoqy\dqy\Data\Conf\logs\Cache\Qyapp\5ff472504c08b50443fc8b457b51bad4.php 第 82 行.
NOTIC: [8] Undefined variable: token D:\WWW\duoqy\duoqy\dqy\Data\Conf\logs\Cache\Qyapp\5ff472504c08b50443fc8b457b51bad4.php 第 134 行.
NOTIC: [8] Undefined variable: token D:\WWW\duoqy\duoqy\dqy\Data\Conf\logs\Cache\Qyapp\5ff472504c08b50443fc8b457b51bad4.php 第 137 行.
NOTIC: [8] Undefined variable: token D:\WWW\duoqy\duoqy\dqy\Data\Conf\logs\Cache\Qyapp\5ff472504c08b50443fc8b457b51bad4.php 第 140 行.
NOTIC: [8] Undefined variable: token D:\WWW\duoqy\duoqy\dqy\Data\Conf\logs\Cache\Qyapp\5ff472504c08b50443fc8b457b51bad4.php 第 143 行.
NOTIC: [8] Undefined variable: token D:\WWW\duoqy\duoqy\dqy\Data\Conf\logs\Cache\Qyapp\5ff472504c08b50443fc8b457b51bad4.php 第 148 行.
NOTIC: [8] Undefined index: node_id D:\WWW\duoqy\duoqy\dqy\Data\Conf\logs\Cache\Qyapp\5ff472504c08b50443fc8b457b51bad4.php 第 205 行.
NOTIC: [8] Undefined index: id D:\WWW\duoqy\duoqy\dqy\Data\Conf\logs\Cache\Qyapp\5ff472504c08b50443fc8b457b51bad4.php 第 249 行.
NOTIC: [8] Undefined index: id D:\WWW\duoqy\duoqy\dqy\Data\Conf\logs\Cache\Qyapp\5ff472504c08b50443fc8b457b51bad4.php 第 254 行.
NOTIC: [8] Undefined index: id D:\WWW\duoqy\duoqy\dqy\Data\Conf\logs\Cache\Qyapp\5ff472504c08b50443fc8b457b51bad4.php 第 259 行.
NOTIC: [8] Undefined index: id D:\WWW\duoqy\duoqy\dqy\Data\Conf\logs\Cache\Qyapp\5ff472504c08b50443fc8b457b51bad4.php 第 263 行.
NOTIC: [8] Undefined index: id D:\WWW\duoqy\duoqy\dqy\Data\Conf\logs\Cache\Qyapp\5ff472504c08b50443fc8b457b51bad4.php 第 265 行.
NOTIC: [8] Undefined variable: searchmoment D:\WWW\duoqy\duoqy\dqy\Data\Conf\logs\Cache\Qyapp\5ff472504c08b50443fc8b457b51bad4.php 第 304 行.
NOTIC: [8] Undefined variable: searchmoment D:\WWW\duoqy\duoqy\dqy\Data\Conf\logs\Cache\Qyapp\5ff472504c08b50443fc8b457b51bad4.php 第 337 行.
NOTIC: [8] Undefined variable: name D:\WWW\duoqy\duoqy\dqy\Data\Conf\logs\Cache\Qyapp\5ff472504c08b50443fc8b457b51bad4.php 第 340 行.
INFO: Run ParseTemplate Behavior [ RunTime:-0.171878s ]
INFO: [ view_parse ] --END-- [ RunTime:0.093752s ]
INFO: [ view_filter ] --START--
INFO: Run ContentReplace Behavior [ RunTime:-0.265630s ]
NOTIC: [8] Array to string conversion D:\WWW\duoqy\duoqy\dqy\Lib\Core\Behavior.class.php 第 60 行.
NOTIC: [2] implode(): Invalid arguments passed D:\WWW\duoqy\duoqy\dqy\Lib\Behavior\TokenBuildBehavior.class.php 第 71 行.
NOTIC: [2] unlink(./Data/Conf/logs/Temp/0/b/0bd00bad38522939af44147774e596f2.php): No such file or directory D:\WWW\duoqy\duoqy\dqy\Lib\Driver\Cache\CacheFile.class.php 第 176 行.
INFO: Run TokenBuild Behavior [ RunTime:-0.265630s ]
INFO: Run WriteHtmlCache Behavior [ RunTime:-0.265630s ]
INFO: Run ShowRuntime Behavior [ RunTime:-0.265630s ]
INFO: [ view_filter ] --END-- [ RunTime:0.000000s ]
INFO: [ view_end ] --START--
INFO: Run ShowPageTrace Behavior [ RunTime:-0.265630s ]
INFO: [ view_end ] --END-- [ RunTime:0.000000s ]

[ 2015-11-28T15:02:33+08:00 ] 58.48.10.52 /index.php?g=Qyapp&m=Common&a=searchUsers
INFO: [ app_begin ] --START--
INFO: Run ReadHtmlCache Behavior [ RunTime:0.000000s ]
INFO: [ app_begin ] --END-- [ RunTime:0.000000s ]
NOTIC: [2] Cannot use a scalar value as an array D:\WWW\duoqy\duoqy\dqy\Lib\Core\Action.class.php 第 208 行.
SQL: SHOW COLUMNS FROM `tp_qyusers` [ RunTime:0.046876s ]
SQL: SELECT * FROM `tp_qyusers` WHERE ( `user_id` = 25 )  [ RunTime:0.000000s ]

[ 2015-11-28T15:04:09+08:00 ] 58.48.10.52 /index.php?g=Qyapp&m=Appslist&a=appCenter
INFO: [ app_begin ] --START--
INFO: Run ReadHtmlCache Behavior [ RunTime:0.000000s ]
INFO: [ app_begin ] --END-- [ RunTime:0.000000s ]
NOTIC: [2] Cannot use a scalar value as an array D:\WWW\duoqy\duoqy\dqy\Lib\Core\Action.class.php 第 208 行.
SQL: Describe  `tp_qytoken` `agency_id`; [ RunTime:0.000000s ]
SQL: Describe  `tp_qyapplist` `category`; [ RunTime:0.000000s ]
SQL: Describe  `tp_qymyapp` `category`; [ RunTime:0.000000s ]
SQL: SHOW COLUMNS FROM `tp_qytoken` [ RunTime:0.000000s ]
SQL: SELECT * FROM `tp_qytoken` WHERE ( `id` = 25 ) LIMIT 1   [ RunTime:0.000000s ]
SQL: SHOW COLUMNS FROM `tp_qyapplist` [ RunTime:0.015625s ]
SQL: SELECT * FROM `tp_qyapplist`  [ RunTime:0.000000s ]
SQL: SHOW COLUMNS FROM `tp_qymyapp` [ RunTime:0.000000s ]
SQL: SELECT * FROM `tp_qymyapp` WHERE ( `fun_id` = 1 ) AND ( `userid` = 25 ) LIMIT 1   [ RunTime:0.000000s ]
SQL: SHOW COLUMNS FROM `tp_qyusernode` [ RunTime:0.046876s ]
SQL: SELECT * FROM `tp_qyusernode` WHERE ( `id` = 1 ) LIMIT 1   [ RunTime:0.000000s ]
SQL: SELECT * FROM `tp_qymyapp` WHERE ( `fun_id` = 2 ) AND ( `userid` = 25 ) LIMIT 1   [ RunTime:0.000000s ]
SQL: SELECT * FROM `tp_qyusernode` WHERE ( `id` = 3 ) LIMIT 1   [ RunTime:0.000000s ]
SQL: SELECT * FROM `tp_qymyapp` WHERE ( `fun_id` = 3 ) AND ( `userid` = 25 ) LIMIT 1   [ RunTime:0.000000s ]
SQL: SELECT * FROM `tp_qyusernode` WHERE ( `id` = 1 ) LIMIT 1   [ RunTime:0.015625s ]
SQL: SELECT * FROM `tp_qymyapp` WHERE ( `fun_id` = 4 ) AND ( `userid` = 25 ) LIMIT 1   [ RunTime:0.000000s ]
SQL: SELECT * FROM `tp_qyusernode` WHERE ( `id` = 1 ) LIMIT 1   [ RunTime:0.000000s ]
SQL: SELECT * FROM `tp_qymyapp` WHERE ( `fun_id` = 5 ) AND ( `userid` = 25 ) LIMIT 1   [ RunTime:0.000000s ]
SQL: SELECT * FROM `tp_qyusernode` WHERE ( `id` = 1 ) LIMIT 1   [ RunTime:0.000000s ]
SQL: SELECT * FROM `tp_qymyapp` WHERE ( `fun_id` = 6 ) AND ( `userid` = 25 ) LIMIT 1   [ RunTime:0.000000s ]
SQL: SELECT * FROM `tp_qyusernode` WHERE ( `id` = 2 ) LIMIT 1   [ RunTime:0.000000s ]
SQL: SELECT * FROM `tp_qymyapp` WHERE ( `fun_id` = 8 ) AND ( `userid` = 25 ) LIMIT 1   [ RunTime:0.000000s ]
SQL: SELECT * FROM `tp_qyusernode` WHERE ( `id` = 1 ) LIMIT 1   [ RunTime:0.000000s ]
SQL: SELECT * FROM `tp_qymyapp` WHERE ( `fun_id` = 9 ) AND ( `userid` = 25 ) LIMIT 1   [ RunTime:0.000000s ]
SQL: SELECT * FROM `tp_qyusernode` WHERE ( `id` = 0 ) LIMIT 1   [ RunTime:0.000000s ]
SQL: SELECT * FROM `tp_qymyapp` WHERE ( `fun_id` = 10 ) AND ( `userid` = 25 ) LIMIT 1   [ RunTime:0.000000s ]
SQL: SELECT * FROM `tp_qyusernode` WHERE ( `id` = 0 ) LIMIT 1   [ RunTime:0.000000s ]
SQL: SELECT * FROM `tp_qymyapp` WHERE ( `fun_id` = 11 ) AND ( `userid` = 25 ) LIMIT 1   [ RunTime:0.000000s ]
SQL: SELECT * FROM `tp_qyusernode` WHERE ( `id` = 0 ) LIMIT 1   [ RunTime:0.000000s ]
SQL: SELECT * FROM `tp_qymyapp` WHERE ( `fun_id` = 12 ) AND ( `userid` = 25 ) LIMIT 1   [ RunTime:0.000000s ]
SQL: SELECT * FROM `tp_qyusernode` WHERE ( `id` = 0 ) LIMIT 1   [ RunTime:0.000000s ]
SQL: SELECT * FROM `tp_qymyapp` WHERE ( `fun_id` = 13 ) AND ( `userid` = 25 ) LIMIT 1   [ RunTime:0.000000s ]
SQL: SELECT * FROM `tp_qyusernode` WHERE ( `id` = 0 ) LIMIT 1   [ RunTime:0.000000s ]
SQL: SELECT * FROM `tp_qymyapp` WHERE ( `fun_id` = 14 ) AND ( `userid` = 25 ) LIMIT 1   [ RunTime:0.000000s ]
SQL: SELECT * FROM `tp_qyusernode` WHERE ( `id` = 0 ) LIMIT 1   [ RunTime:0.000000s ]
SQL: SELECT * FROM `tp_qymyapp` WHERE ( `fun_id` = 15 ) AND ( `userid` = 25 ) LIMIT 1   [ RunTime:0.000000s ]
SQL: SELECT * FROM `tp_qyusernode` WHERE ( `id` = 0 ) LIMIT 1   [ RunTime:0.000000s ]
SQL: SELECT * FROM `tp_qymyapp` WHERE ( `fun_id` = 17 ) AND ( `userid` = 25 ) LIMIT 1   [ RunTime:0.000000s ]
SQL: SELECT * FROM `tp_qyusernode` WHERE ( `id` = 0 ) LIMIT 1   [ RunTime:0.000000s ]
SQL: SELECT * FROM `tp_qymyapp` WHERE ( `fun_id` = 18 ) AND ( `userid` = 25 ) LIMIT 1   [ RunTime:0.000000s ]
SQL: SELECT * FROM `tp_qyusernode` WHERE ( `id` = 0 ) LIMIT 1   [ RunTime:0.000000s ]
SQL: SELECT * FROM `tp_qymyapp` WHERE ( `fun_id` = 19 ) AND ( `userid` = 25 ) LIMIT 1   [ RunTime:0.000000s ]
SQL: SELECT * FROM `tp_qyusernode` WHERE ( `id` = 0 ) LIMIT 1   [ RunTime:0.000000s ]
SQL: SELECT * FROM `tp_qymyapp` WHERE ( `fun_id` = 20 ) AND ( `userid` = 25 ) LIMIT 1   [ RunTime:0.000000s ]
SQL: SELECT * FROM `tp_qyusernode` WHERE ( `id` = 0 ) LIMIT 1   [ RunTime:0.000000s ]
SQL: SELECT * FROM `tp_qymyapp` WHERE ( `fun_id` = 22 ) AND ( `userid` = 25 ) LIMIT 1   [ RunTime:0.000000s ]
SQL: SELECT * FROM `tp_qyusernode` WHERE ( `id` = 0 ) LIMIT 1   [ RunTime:0.000000s ]
SQL: SELECT * FROM `tp_qymyapp` WHERE ( `fun_id` = 23 ) AND ( `userid` = 25 ) LIMIT 1   [ RunTime:0.015626s ]
SQL: SELECT * FROM `tp_qyusernode` WHERE ( `id` = 0 ) LIMIT 1   [ RunTime:0.000000s ]
SQL: SELECT * FROM `tp_qymyapp` WHERE ( `fun_id` = 24 ) AND ( `userid` = 25 ) LIMIT 1   [ RunTime:0.000000s ]
SQL: SELECT * FROM `tp_qyusernode` WHERE ( `id` = 0 ) LIMIT 1   [ RunTime:0.000000s ]
SQL: SELECT * FROM `tp_qymyapp` WHERE ( `fun_id` = 25 ) AND ( `userid` = 25 ) LIMIT 1   [ RunTime:0.000000s ]
SQL: SELECT * FROM `tp_qyusernode` WHERE ( `id` = 0 ) LIMIT 1   [ RunTime:0.000000s ]
SQL: SELECT * FROM `tp_qymyapp` WHERE ( `fun_id` = 26 ) AND ( `userid` = 25 ) LIMIT 1   [ RunTime:0.000000s ]
SQL: SELECT * FROM `tp_qyusernode` WHERE ( `id` = 0 ) LIMIT 1   [ RunTime:0.000000s ]
INFO: [ view_template ] --START--
INFO: Run LocationTemplate Behavior [ RunTime:-0.109377s ]
INFO: [ view_template ] --END-- [ RunTime:0.000000s ]
INFO: [ view_parse ] --START--
NOTIC: [8] Undefined index: site_title D:\WWW\duoqy\duoqy\dqy\Data\Conf\logs\Cache\Qyapp\7120cfff5d788f4802fc957908efc0d3.php 第 4 行.
NOTIC: [8] Undefined index: headimg D:\WWW\duoqy\duoqy\dqy\Data\Conf\logs\Cache\Qyapp\7120cfff5d788f4802fc957908efc0d3.php 第 82 行.
NOTIC: [8] Undefined variable: token D:\WWW\duoqy\duoqy\dqy\Data\Conf\logs\Cache\Qyapp\7120cfff5d788f4802fc957908efc0d3.php 第 134 行.
NOTIC: [8] Undefined variable: token D:\WWW\duoqy\duoqy\dqy\Data\Conf\logs\Cache\Qyapp\7120cfff5d788f4802fc957908efc0d3.php 第 137 行.
NOTIC: [8] Undefined variable: token D:\WWW\duoqy\duoqy\dqy\Data\Conf\logs\Cache\Qyapp\7120cfff5d788f4802fc957908efc0d3.php 第 140 行.
NOTIC: [8] Undefined variable: token D:\WWW\duoqy\duoqy\dqy\Data\Conf\logs\Cache\Qyapp\7120cfff5d788f4802fc957908efc0d3.php 第 143 行.
NOTIC: [8] Undefined variable: token D:\WWW\duoqy\duoqy\dqy\Data\Conf\logs\Cache\Qyapp\7120cfff5d788f4802fc957908efc0d3.php 第 148 行.
NOTIC: [8] Undefined index: node_id D:\WWW\duoqy\duoqy\dqy\Data\Conf\logs\Cache\Qyapp\7120cfff5d788f4802fc957908efc0d3.php 第 205 行.
NOTIC: [8] Undefined variable: list D:\WWW\duoqy\duoqy\dqy\Data\Conf\logs\Cache\Qyapp\7120cfff5d788f4802fc957908efc0d3.php 第 365 行.
NOTIC: [8] Undefined index: token D:\WWW\duoqy\duoqy\dqy\Data\Conf\logs\Cache\Qyapp\7120cfff5d788f4802fc957908efc0d3.php 第 382 行.
NOTIC: [8] Undefined index: token D:\WWW\duoqy\duoqy\dqy\Data\Conf\logs\Cache\Qyapp\7120cfff5d788f4802fc957908efc0d3.php 第 389 行.
INFO: Run ParseTemplate Behavior [ RunTime:-0.109377s ]
INFO: [ view_parse ] --END-- [ RunTime:0.062501s ]
INFO: [ view_filter ] --START--
INFO: Run ContentReplace Behavior [ RunTime:-0.171878s ]
NOTIC: [8] Array to string conversion D:\WWW\duoqy\duoqy\dqy\Lib\Core\Behavior.class.php 第 60 行.
NOTIC: [2] implode(): Invalid arguments passed D:\WWW\duoqy\duoqy\dqy\Lib\Behavior\TokenBuildBehavior.class.php 第 71 行.
NOTIC: [2] unlink(./Data/Conf/logs/Temp/0/b/0bd00bad38522939af44147774e596f2.php): No such file or directory D:\WWW\duoqy\duoqy\dqy\Lib\Driver\Cache\CacheFile.class.php 第 176 行.
INFO: Run TokenBuild Behavior [ RunTime:-0.171878s ]
INFO: Run WriteHtmlCache Behavior [ RunTime:-0.171878s ]
INFO: Run ShowRuntime Behavior [ RunTime:-0.187503s ]
INFO: [ view_filter ] --END-- [ RunTime:0.015625s ]
INFO: [ view_end ] --START--
INFO: Run ShowPageTrace Behavior [ RunTime:-0.187503s ]
INFO: [ view_end ] --END-- [ RunTime:0.000000s ]

[ 2015-11-28T15:04:17+08:00 ] 58.48.10.52 /
INFO: [ app_begin ] --START--
INFO: Run ReadHtmlCache Behavior [ RunTime:0.000000s ]
INFO: [ app_begin ] --END-- [ RunTime:0.000000s ]
NOTIC: [2] Cannot use a scalar value as an array D:\WWW\duoqy\duoqy\dqy\Lib\Core\Action.class.php 第 208 行.
SQL: SHOW COLUMNS FROM `tp_qywebsite` [ RunTime:0.000000s ]
SQL: SELECT * FROM `tp_qywebsite` WHERE ( `site_url` = '121.40.76.167' ) LIMIT 1   [ RunTime:0.000000s ]
SQL: SHOW COLUMNS FROM `tp_qytoken` [ RunTime:0.000000s ]
SQL: SELECT * FROM `tp_qytoken` WHERE ( `host` = '121.40.76.167' ) LIMIT 1   [ RunTime:0.000000s ]
INFO: [ view_template ] --START--
INFO: Run LocationTemplate Behavior [ RunTime:-0.015626s ]
INFO: [ view_template ] --END-- [ RunTime:0.000000s ]
INFO: [ view_parse ] --START--
INFO: Run ParseTemplate Behavior [ RunTime:-0.015626s ]
INFO: [ view_parse ] --END-- [ RunTime:0.015625s ]
INFO: [ view_filter ] --START--
INFO: Run ContentReplace Behavior [ RunTime:-0.031251s ]
NOTIC: [8] Array to string conversion D:\WWW\duoqy\duoqy\dqy\Lib\Core\Behavior.class.php 第 60 行.
NOTIC: [2] implode(): Invalid arguments passed D:\WWW\duoqy\duoqy\dqy\Lib\Behavior\TokenBuildBehavior.class.php 第 71 行.
NOTIC: [2] unlink(./Data/Conf/logs/Temp/0/b/0bd00bad38522939af44147774e596f2.php): No such file or directory D:\WWW\duoqy\duoqy\dqy\Lib\Driver\Cache\CacheFile.class.php 第 176 行.
INFO: Run TokenBuild Behavior [ RunTime:-0.031251s ]
INFO: Run WriteHtmlCache Behavior [ RunTime:-0.031251s ]
INFO: Run ShowRuntime Behavior [ RunTime:-0.031251s ]
INFO: [ view_filter ] --END-- [ RunTime:0.000000s ]
INFO: [ view_end ] --START--
INFO: Run ShowPageTrace Behavior [ RunTime:-0.031251s ]
INFO: [ view_end ] --END-- [ RunTime:0.000000s ]

[ 2015-11-28T15:04:24+08:00 ] 58.48.10.52 /index.php?g=Qyapp&m=Organic&a=index
INFO: [ app_begin ] --START--
INFO: Run ReadHtmlCache Behavior [ RunTime:0.000000s ]
INFO: [ app_begin ] --END-- [ RunTime:0.000000s ]
NOTIC: [2] Cannot use a scalar value as an array D:\WWW\duoqy\duoqy\dqy\Lib\Core\Action.class.php 第 208 行.
NOTIC: [8] Undefined index: node_id D:\WWW\duoqy\duoqy\dqy\Lanrain\Lib\Action\Qyapp\OrganicAction.class.php 第 14 行.
SQL: SHOW COLUMNS FROM `tp_department` [ RunTime:0.000000s ]
SQL: SELECT * FROM `tp_department` WHERE ( `user_id` = 25 ) AND ( `wxpid` = 0 ) LIMIT 1   [ RunTime:0.000000s ]
SQL: SELECT * FROM `tp_department` WHERE ( `user_id` = 25 )  [ RunTime:0.000000s ]
NOTIC: [2] Missing argument 2 for OrganicAction::get_tree(), called in D:\WWW\duoqy\duoqy\dqy\Lanrain\Lib\Action\Qyapp\OrganicAction.class.php on line 33 and defined D:\WWW\duoqy\duoqy\dqy\Lanrain\Lib\Action\Qyapp\OrganicAction.class.php 第 70 行.
NOTIC: [2] Missing argument 2 for OrganicAction::get_tree(), called in D:\WWW\duoqy\duoqy\dqy\Lanrain\Lib\Action\Qyapp\OrganicAction.class.php on line 95 and defined D:\WWW\duoqy\duoqy\dqy\Lanrain\Lib\Action\Qyapp\OrganicAction.class.php 第 70 行.
INFO: [ view_template ] --START--
INFO: Run LocationTemplate Behavior [ RunTime:-0.046876s ]
INFO: [ view_template ] --END-- [ RunTime:0.015626s ]
INFO: [ view_parse ] --START--
NOTIC: [8] Undefined index: site_title D:\WWW\duoqy\duoqy\dqy\Data\Conf\logs\Cache\Qyapp\e84a9a91ba1782503c6bfbae3a95acbc.php 第 4 行.
NOTIC: [8] Undefined index: headimg D:\WWW\duoqy\duoqy\dqy\Data\Conf\logs\Cache\Qyapp\e84a9a91ba1782503c6bfbae3a95acbc.php 第 82 行.
NOTIC: [8] Undefined variable: token D:\WWW\duoqy\duoqy\dqy\Data\Conf\logs\Cache\Qyapp\e84a9a91ba1782503c6bfbae3a95acbc.php 第 134 行.
NOTIC: [8] Undefined variable: token D:\WWW\duoqy\duoqy\dqy\Data\Conf\logs\Cache\Qyapp\e84a9a91ba1782503c6bfbae3a95acbc.php 第 137 行.
NOTIC: [8] Undefined variable: token D:\WWW\duoqy\duoqy\dqy\Data\Conf\logs\Cache\Qyapp\e84a9a91ba1782503c6bfbae3a95acbc.php 第 140 行.
NOTIC: [8] Undefined variable: token D:\WWW\duoqy\duoqy\dqy\Data\Conf\logs\Cache\Qyapp\e84a9a91ba1782503c6bfbae3a95acbc.php 第 143 行.
NOTIC: [8] Undefined variable: token D:\WWW\duoqy\duoqy\dqy\Data\Conf\logs\Cache\Qyapp\e84a9a91ba1782503c6bfbae3a95acbc.php 第 148 行.
NOTIC: [8] Undefined index: node_id D:\WWW\duoqy\duoqy\dqy\Data\Conf\logs\Cache\Qyapp\e84a9a91ba1782503c6bfbae3a95acbc.php 第 205 行.
INFO: Run ParseTemplate Behavior [ RunTime:-0.062502s ]
INFO: [ view_parse ] --END-- [ RunTime:0.015625s ]
INFO: [ view_filter ] --START--
INFO: Run ContentReplace Behavior [ RunTime:-0.078127s ]
NOTIC: [8] Array to string conversion D:\WWW\duoqy\duoqy\dqy\Lib\Core\Behavior.class.php 第 60 行.
NOTIC: [2] implode(): Invalid arguments passed D:\WWW\duoqy\duoqy\dqy\Lib\Behavior\TokenBuildBehavior.class.php 第 71 行.
NOTIC: [2] unlink(./Data/Conf/logs/Temp/0/b/0bd00bad38522939af44147774e596f2.php): No such file or directory D:\WWW\duoqy\duoqy\dqy\Lib\Driver\Cache\CacheFile.class.php 第 176 行.
INFO: Run TokenBuild Behavior [ RunTime:-0.078127s ]
INFO: Run WriteHtmlCache Behavior [ RunTime:-0.078127s ]
INFO: Run ShowRuntime Behavior [ RunTime:-0.078127s ]
INFO: [ view_filter ] --END-- [ RunTime:0.000000s ]
INFO: [ view_end ] --START--
INFO: Run ShowPageTrace Behavior [ RunTime:-0.078127s ]
INFO: [ view_end ] --END-- [ RunTime:0.000000s ]

[ 2015-11-28T15:10:30+08:00 ] 58.48.10.52 /
INFO: [ app_begin ] --START--
INFO: Run ReadHtmlCache Behavior [ RunTime:0.000000s ]
INFO: [ app_begin ] --END-- [ RunTime:0.000000s ]
NOTIC: [2] Cannot use a scalar value as an array D:\WWW\duoqy\duoqy\dqy\Lib\Core\Action.class.php 第 208 行.
SQL: SHOW COLUMNS FROM `tp_qywebsite` [ RunTime:0.015626s ]
SQL: SELECT * FROM `tp_qywebsite` WHERE ( `site_url` = '121.40.76.167' ) LIMIT 1   [ RunTime:0.000000s ]
SQL: SHOW COLUMNS FROM `tp_qytoken` [ RunTime:0.000000s ]
SQL: SELECT * FROM `tp_qytoken` WHERE ( `host` = '121.40.76.167' ) LIMIT 1   [ RunTime:0.000000s ]
INFO: [ view_template ] --START--
INFO: Run LocationTemplate Behavior [ RunTime:-0.031251s ]
INFO: [ view_template ] --END-- [ RunTime:0.000000s ]
INFO: [ view_parse ] --START--
INFO: Run ParseTemplate Behavior [ RunTime:-0.031251s ]
INFO: [ view_parse ] --END-- [ RunTime:0.015625s ]
INFO: [ view_filter ] --START--
INFO: Run ContentReplace Behavior [ RunTime:-0.046876s ]
NOTIC: [8] Array to string conversion D:\WWW\duoqy\duoqy\dqy\Lib\Core\Behavior.class.php 第 60 行.
NOTIC: [2] implode(): Invalid arguments passed D:\WWW\duoqy\duoqy\dqy\Lib\Behavior\TokenBuildBehavior.class.php 第 71 行.
NOTIC: [2] unlink(./Data/Conf/logs/Temp/0/b/0bd00bad38522939af44147774e596f2.php): No such file or directory D:\WWW\duoqy\duoqy\dqy\Lib\Driver\Cache\CacheFile.class.php 第 176 行.
INFO: Run TokenBuild Behavior [ RunTime:-0.046876s ]
INFO: Run WriteHtmlCache Behavior [ RunTime:-0.046876s ]
INFO: Run ShowRuntime Behavior [ RunTime:-0.046876s ]
INFO: [ view_filter ] --END-- [ RunTime:0.000000s ]
INFO: [ view_end ] --START--
INFO: Run ShowPageTrace Behavior [ RunTime:-0.046876s ]
INFO: [ view_end ] --END-- [ RunTime:0.000000s ]

[ 2015-11-28T15:10:38+08:00 ] 58.48.10.52 /index.php?m=Weiyi&a=service
INFO: [ app_begin ] --START--
INFO: Run ReadHtmlCache Behavior [ RunTime:0.000000s ]
INFO: [ app_begin ] --END-- [ RunTime:0.000000s ]
NOTIC: [2] Cannot use a scalar value as an array D:\WWW\duoqy\duoqy\dqy\Lib\Core\Action.class.php 第 208 行.
SQL: SHOW COLUMNS FROM `tp_qywebsite` [ RunTime:0.000000s ]
SQL: SELECT * FROM `tp_qywebsite` WHERE ( `site_url` = '121.40.76.167' ) LIMIT 1   [ RunTime:0.000000s ]
INFO: [ view_template ] --START--
INFO: Run LocationTemplate Behavior [ RunTime:-0.015625s ]
INFO: [ view_template ] --END-- [ RunTime:0.000000s ]
INFO: [ view_parse ] --START--
INFO: Run ParseTemplate Behavior [ RunTime:-0.015625s ]
INFO: [ view_parse ] --END-- [ RunTime:0.046876s ]
INFO: [ view_filter ] --START--
INFO: Run ContentReplace Behavior [ RunTime:-0.062501s ]
NOTIC: [8] Array to string conversion D:\WWW\duoqy\duoqy\dqy\Lib\Core\Behavior.class.php 第 60 行.
NOTIC: [2] implode(): Invalid arguments passed D:\WWW\duoqy\duoqy\dqy\Lib\Behavior\TokenBuildBehavior.class.php 第 71 行.
NOTIC: [2] unlink(./Data/Conf/logs/Temp/0/b/0bd00bad38522939af44147774e596f2.php): No such file or directory D:\WWW\duoqy\duoqy\dqy\Lib\Driver\Cache\CacheFile.class.php 第 176 行.
INFO: Run TokenBuild Behavior [ RunTime:-0.062501s ]
INFO: Run WriteHtmlCache Behavior [ RunTime:-0.062501s ]
INFO: Run ShowRuntime Behavior [ RunTime:-0.062501s ]
INFO: [ view_filter ] --END-- [ RunTime:0.000000s ]
INFO: [ view_end ] --START--
INFO: Run ShowPageTrace Behavior [ RunTime:-0.062501s ]
INFO: [ view_end ] --END-- [ RunTime:0.000000s ]

[ 2015-11-28T15:10:43+08:00 ] 58.48.10.52 /index.php?m=Weiyi&a=help
INFO: [ app_begin ] --START--
INFO: Run ReadHtmlCache Behavior [ RunTime:0.000000s ]
INFO: [ app_begin ] --END-- [ RunTime:0.000000s ]
NOTIC: [2] Cannot use a scalar value as an array D:\WWW\duoqy\duoqy\dqy\Lib\Core\Action.class.php 第 208 行.
SQL: SHOW COLUMNS FROM `tp_qywebsite` [ RunTime:0.000000s ]
SQL: SELECT * FROM `tp_qywebsite` WHERE ( `site_url` = '121.40.76.167' ) LIMIT 1   [ RunTime:0.000000s ]
INFO: [ view_template ] --START--
INFO: Run LocationTemplate Behavior [ RunTime:-0.015625s ]
INFO: [ view_template ] --END-- [ RunTime:0.000000s ]
INFO: [ view_parse ] --START--
INFO: Run ParseTemplate Behavior [ RunTime:-0.015625s ]
INFO: [ view_parse ] --END-- [ RunTime:0.015625s ]
INFO: [ view_filter ] --START--
INFO: Run ContentReplace Behavior [ RunTime:-0.031250s ]
NOTIC: [8] Array to string conversion D:\WWW\duoqy\duoqy\dqy\Lib\Core\Behavior.class.php 第 60 行.
NOTIC: [2] implode(): Invalid arguments passed D:\WWW\duoqy\duoqy\dqy\Lib\Behavior\TokenBuildBehavior.class.php 第 71 行.
NOTIC: [2] unlink(./Data/Conf/logs/Temp/0/b/0bd00bad38522939af44147774e596f2.php): No such file or directory D:\WWW\duoqy\duoqy\dqy\Lib\Driver\Cache\CacheFile.class.php 第 176 行.
INFO: Run TokenBuild Behavior [ RunTime:-0.031250s ]
INFO: Run WriteHtmlCache Behavior [ RunTime:-0.031250s ]
INFO: Run ShowRuntime Behavior [ RunTime:-0.031250s ]
INFO: [ view_filter ] --END-- [ RunTime:0.000000s ]
INFO: [ view_end ] --START--
INFO: Run ShowPageTrace Behavior [ RunTime:-0.031250s ]
INFO: [ view_end ] --END-- [ RunTime:0.000000s ]

[ 2015-11-28T15:10:44+08:00 ] 58.48.10.52 /index.php?m=Weiyi&a=agent
INFO: [ app_begin ] --START--
INFO: Run ReadHtmlCache Behavior [ RunTime:0.000000s ]
INFO: [ app_begin ] --END-- [ RunTime:0.000000s ]
NOTIC: [2] Cannot use a scalar value as an array D:\WWW\duoqy\duoqy\dqy\Lib\Core\Action.class.php 第 208 行.
SQL: SHOW COLUMNS FROM `tp_qywebsite` [ RunTime:0.000000s ]
SQL: SELECT * FROM `tp_qywebsite` WHERE ( `site_url` = '121.40.76.167' ) LIMIT 1   [ RunTime:0.000000s ]
INFO: [ view_template ] --START--
INFO: Run LocationTemplate Behavior [ RunTime:-0.015626s ]
INFO: [ view_template ] --END-- [ RunTime:0.000000s ]
INFO: [ view_parse ] --START--
INFO: Run ParseTemplate Behavior [ RunTime:-0.015626s ]
INFO: [ view_parse ] --END-- [ RunTime:0.015625s ]
INFO: [ view_filter ] --START--
INFO: Run ContentReplace Behavior [ RunTime:-0.031251s ]
NOTIC: [8] Array to string conversion D:\WWW\duoqy\duoqy\dqy\Lib\Core\Behavior.class.php 第 60 行.
NOTIC: [2] implode(): Invalid arguments passed D:\WWW\duoqy\duoqy\dqy\Lib\Behavior\TokenBuildBehavior.class.php 第 71 行.
NOTIC: [2] unlink(./Data/Conf/logs/Temp/0/b/0bd00bad38522939af44147774e596f2.php): No such file or directory D:\WWW\duoqy\duoqy\dqy\Lib\Driver\Cache\CacheFile.class.php 第 176 行.
INFO: Run TokenBuild Behavior [ RunTime:-0.031251s ]
INFO: Run WriteHtmlCache Behavior [ RunTime:-0.031251s ]
INFO: Run ShowRuntime Behavior [ RunTime:-0.031251s ]
INFO: [ view_filter ] --END-- [ RunTime:0.000000s ]
INFO: [ view_end ] --START--
INFO: Run ShowPageTrace Behavior [ RunTime:-0.031251s ]
INFO: [ view_end ] --END-- [ RunTime:0.000000s ]

[ 2015-11-28T15:10:46+08:00 ] 58.48.10.52 /index.php?m=Weiyi&a=about
INFO: [ app_begin ] --START--
INFO: Run ReadHtmlCache Behavior [ RunTime:0.000000s ]
INFO: [ app_begin ] --END-- [ RunTime:0.000000s ]
NOTIC: [2] Cannot use a scalar value as an array D:\WWW\duoqy\duoqy\dqy\Lib\Core\Action.class.php 第 208 行.
SQL: SHOW COLUMNS FROM `tp_qywebsite` [ RunTime:0.000000s ]
SQL: SELECT * FROM `tp_qywebsite` WHERE ( `site_url` = '121.40.76.167' ) LIMIT 1   [ RunTime:0.000000s ]
INFO: [ view_template ] --START--
INFO: Run LocationTemplate Behavior [ RunTime:-0.015626s ]
INFO: [ view_template ] --END-- [ RunTime:0.000000s ]
INFO: [ view_parse ] --START--
INFO: Run ParseTemplate Behavior [ RunTime:-0.015626s ]
INFO: [ view_parse ] --END-- [ RunTime:0.015625s ]
INFO: [ view_filter ] --START--
INFO: Run ContentReplace Behavior [ RunTime:-0.031251s ]
NOTIC: [8] Array to string conversion D:\WWW\duoqy\duoqy\dqy\Lib\Core\Behavior.class.php 第 60 行.
NOTIC: [2] implode(): Invalid arguments passed D:\WWW\duoqy\duoqy\dqy\Lib\Behavior\TokenBuildBehavior.class.php 第 71 行.
NOTIC: [2] unlink(./Data/Conf/logs/Temp/0/b/0bd00bad38522939af44147774e596f2.php): No such file or directory D:\WWW\duoqy\duoqy\dqy\Lib\Driver\Cache\CacheFile.class.php 第 176 行.
INFO: Run TokenBuild Behavior [ RunTime:-0.031251s ]
INFO: Run WriteHtmlCache Behavior [ RunTime:-0.031251s ]
INFO: Run ShowRuntime Behavior [ RunTime:-0.031251s ]
INFO: [ view_filter ] --END-- [ RunTime:0.000000s ]
INFO: [ view_end ] --START--
INFO: Run ShowPageTrace Behavior [ RunTime:-0.031251s ]
INFO: [ view_end ] --END-- [ RunTime:0.000000s ]

[ 2015-11-28T15:10:47+08:00 ] 58.48.10.52 /index.php?m=Weiyi&a=index
INFO: [ app_begin ] --START--
INFO: Run ReadHtmlCache Behavior [ RunTime:0.000000s ]
INFO: [ app_begin ] --END-- [ RunTime:0.000000s ]
NOTIC: [2] Cannot use a scalar value as an array D:\WWW\duoqy\duoqy\dqy\Lib\Core\Action.class.php 第 208 行.
SQL: SHOW COLUMNS FROM `tp_qywebsite` [ RunTime:0.000000s ]
SQL: SELECT * FROM `tp_qywebsite` WHERE ( `site_url` = '121.40.76.167' ) LIMIT 1   [ RunTime:0.000000s ]
SQL: SHOW COLUMNS FROM `tp_qytoken` [ RunTime:0.000000s ]
SQL: SELECT * FROM `tp_qytoken` WHERE ( `host` = '121.40.76.167' ) LIMIT 1   [ RunTime:0.000000s ]
INFO: [ view_template ] --START--
INFO: Run LocationTemplate Behavior [ RunTime:-0.015625s ]
INFO: [ view_template ] --END-- [ RunTime:0.015626s ]
INFO: [ view_parse ] --START--
INFO: Run ParseTemplate Behavior [ RunTime:-0.031251s ]
INFO: [ view_parse ] --END-- [ RunTime:0.015625s ]
INFO: [ view_filter ] --START--
INFO: Run ContentReplace Behavior [ RunTime:-0.046876s ]
NOTIC: [8] Array to string conversion D:\WWW\duoqy\duoqy\dqy\Lib\Core\Behavior.class.php 第 60 行.
NOTIC: [2] implode(): Invalid arguments passed D:\WWW\duoqy\duoqy\dqy\Lib\Behavior\TokenBuildBehavior.class.php 第 71 行.
NOTIC: [2] unlink(./Data/Conf/logs/Temp/0/b/0bd00bad38522939af44147774e596f2.php): No such file or directory D:\WWW\duoqy\duoqy\dqy\Lib\Driver\Cache\CacheFile.class.php 第 176 行.
INFO: Run TokenBuild Behavior [ RunTime:-0.046876s ]
INFO: Run WriteHtmlCache Behavior [ RunTime:-0.046876s ]
INFO: Run ShowRuntime Behavior [ RunTime:-0.046876s ]
INFO: [ view_filter ] --END-- [ RunTime:0.000000s ]
INFO: [ view_end ] --START--
INFO: Run ShowPageTrace Behavior [ RunTime:-0.046876s ]
INFO: [ view_end ] --END-- [ RunTime:0.000000s ]

[ 2015-11-28T15:10:49+08:00 ] 58.48.10.52 /index.php?m=Weiyi&a=index
INFO: [ app_begin ] --START--
INFO: Run ReadHtmlCache Behavior [ RunTime:0.000000s ]
INFO: [ app_begin ] --END-- [ RunTime:0.000000s ]
NOTIC: [2] Cannot use a scalar value as an array D:\WWW\duoqy\duoqy\dqy\Lib\Core\Action.class.php 第 208 行.
SQL: SHOW COLUMNS FROM `tp_qywebsite` [ RunTime:0.000000s ]
SQL: SELECT * FROM `tp_qywebsite` WHERE ( `site_url` = '121.40.76.167' ) LIMIT 1   [ RunTime:0.000000s ]
SQL: SHOW COLUMNS FROM `tp_qytoken` [ RunTime:0.000000s ]
SQL: SELECT * FROM `tp_qytoken` WHERE ( `host` = '121.40.76.167' ) LIMIT 1   [ RunTime:0.000000s ]
INFO: [ view_template ] --START--
INFO: Run LocationTemplate Behavior [ RunTime:-0.015625s ]
INFO: [ view_template ] --END-- [ RunTime:0.015625s ]
INFO: [ view_parse ] --START--
INFO: Run ParseTemplate Behavior [ RunTime:-0.031250s ]
INFO: [ view_parse ] --END-- [ RunTime:0.015625s ]
INFO: [ view_filter ] --START--
INFO: Run ContentReplace Behavior [ RunTime:-0.046875s ]
NOTIC: [8] Array to string conversion D:\WWW\duoqy\duoqy\dqy\Lib\Core\Behavior.class.php 第 60 行.
NOTIC: [2] implode(): Invalid arguments passed D:\WWW\duoqy\duoqy\dqy\Lib\Behavior\TokenBuildBehavior.class.php 第 71 行.
NOTIC: [2] unlink(./Data/Conf/logs/Temp/0/b/0bd00bad38522939af44147774e596f2.php): No such file or directory D:\WWW\duoqy\duoqy\dqy\Lib\Driver\Cache\CacheFile.class.php 第 176 行.
INFO: Run TokenBuild Behavior [ RunTime:-0.046875s ]
INFO: Run WriteHtmlCache Behavior [ RunTime:-0.046875s ]
INFO: Run ShowRuntime Behavior [ RunTime:-0.046875s ]
INFO: [ view_filter ] --END-- [ RunTime:0.000000s ]
INFO: [ view_end ] --START--
INFO: Run ShowPageTrace Behavior [ RunTime:-0.046875s ]
INFO: [ view_end ] --END-- [ RunTime:0.000000s ]

[ 2015-11-28T15:10:53+08:00 ] 123.125.71.107 /index.php?a=service&m=Weiyi
INFO: [ app_begin ] --START--
INFO: Run ReadHtmlCache Behavior [ RunTime:0.000000s ]
INFO: [ app_begin ] --END-- [ RunTime:0.015626s ]
NOTIC: [2] Cannot use a scalar value as an array D:\WWW\duoqy\duoqy\dqy\Lib\Core\Action.class.php 第 208 行.
SQL: SHOW COLUMNS FROM `tp_qywebsite` [ RunTime:0.015625s ]
SQL: SELECT * FROM `tp_qywebsite` WHERE ( `site_url` = '121.40.76.167' ) LIMIT 1   [ RunTime:0.000000s ]
INFO: [ view_template ] --START--
INFO: Run LocationTemplate Behavior [ RunTime:-0.031251s ]
INFO: [ view_template ] --END-- [ RunTime:0.000000s ]
INFO: [ view_parse ] --START--
INFO: Run ParseTemplate Behavior [ RunTime:-0.031251s ]
INFO: [ view_parse ] --END-- [ RunTime:0.015625s ]
INFO: [ view_filter ] --START--
INFO: Run ContentReplace Behavior [ RunTime:-0.046876s ]
NOTIC: [8] Array to string conversion D:\WWW\duoqy\duoqy\dqy\Lib\Core\Behavior.class.php 第 60 行.
NOTIC: [2] implode(): Invalid arguments passed D:\WWW\duoqy\duoqy\dqy\Lib\Behavior\TokenBuildBehavior.class.php 第 71 行.
NOTIC: [2] unlink(./Data/Conf/logs/Temp/0/b/0bd00bad38522939af44147774e596f2.php): No such file or directory D:\WWW\duoqy\duoqy\dqy\Lib\Driver\Cache\CacheFile.class.php 第 176 行.
INFO: Run TokenBuild Behavior [ RunTime:-0.062502s ]
INFO: Run WriteHtmlCache Behavior [ RunTime:-0.062502s ]
INFO: Run ShowRuntime Behavior [ RunTime:-0.062502s ]
INFO: [ view_filter ] --END-- [ RunTime:0.015626s ]
INFO: [ view_end ] --START--
INFO: Run ShowPageTrace Behavior [ RunTime:-0.062502s ]
INFO: [ view_end ] --END-- [ RunTime:0.000000s ]

[ 2015-11-28T15:10:56+08:00 ] 58.48.10.52 /index.php?m=Weiyi&a=service
INFO: [ app_begin ] --START--
INFO: Run ReadHtmlCache Behavior [ RunTime:0.000000s ]
INFO: [ app_begin ] --END-- [ RunTime:0.000000s ]
NOTIC: [2] Cannot use a scalar value as an array D:\WWW\duoqy\duoqy\dqy\Lib\Core\Action.class.php 第 208 行.
SQL: SHOW COLUMNS FROM `tp_qywebsite` [ RunTime:0.000000s ]
SQL: SELECT * FROM `tp_qywebsite` WHERE ( `site_url` = '121.40.76.167' ) LIMIT 1   [ RunTime:0.000000s ]
INFO: [ view_template ] --START--
INFO: Run LocationTemplate Behavior [ RunTime:-0.015625s ]
INFO: [ view_template ] --END-- [ RunTime:0.000000s ]
INFO: [ view_parse ] --START--
INFO: Run ParseTemplate Behavior [ RunTime:-0.015625s ]
INFO: [ view_parse ] --END-- [ RunTime:0.031251s ]
INFO: [ view_filter ] --START--
INFO: Run ContentReplace Behavior [ RunTime:-0.046876s ]
NOTIC: [8] Array to string conversion D:\WWW\duoqy\duoqy\dqy\Lib\Core\Behavior.class.php 第 60 行.
NOTIC: [2] implode(): Invalid arguments passed D:\WWW\duoqy\duoqy\dqy\Lib\Behavior\TokenBuildBehavior.class.php 第 71 行.
NOTIC: [2] unlink(./Data/Conf/logs/Temp/0/b/0bd00bad38522939af44147774e596f2.php): No such file or directory D:\WWW\duoqy\duoqy\dqy\Lib\Driver\Cache\CacheFile.class.php 第 176 行.
INFO: Run TokenBuild Behavior [ RunTime:-0.046876s ]
INFO: Run WriteHtmlCache Behavior [ RunTime:-0.046876s ]
INFO: Run ShowRuntime Behavior [ RunTime:-0.046876s ]
INFO: [ view_filter ] --END-- [ RunTime:0.000000s ]
INFO: [ view_end ] --START--
INFO: Run ShowPageTrace Behavior [ RunTime:-0.046876s ]
INFO: [ view_end ] --END-- [ RunTime:0.000000s ]

[ 2015-11-28T15:10:56+08:00 ] 58.48.10.52 /index.php?m=Weiyi&a=help
INFO: [ app_begin ] --START--
INFO: Run ReadHtmlCache Behavior [ RunTime:0.000000s ]
INFO: [ app_begin ] --END-- [ RunTime:0.000000s ]
NOTIC: [2] Cannot use a scalar value as an array D:\WWW\duoqy\duoqy\dqy\Lib\Core\Action.class.php 第 208 行.
SQL: SHOW COLUMNS FROM `tp_qywebsite` [ RunTime:0.000000s ]
SQL: SELECT * FROM `tp_qywebsite` WHERE ( `site_url` = '121.40.76.167' ) LIMIT 1   [ RunTime:0.000000s ]
INFO: [ view_template ] --START--
INFO: Run LocationTemplate Behavior [ RunTime:-0.031250s ]
INFO: [ view_template ] --END-- [ RunTime:0.000000s ]
INFO: [ view_parse ] --START--
INFO: Run ParseTemplate Behavior [ RunTime:-0.031250s ]
INFO: [ view_parse ] --END-- [ RunTime:0.000000s ]
INFO: [ view_filter ] --START--
INFO: Run ContentReplace Behavior [ RunTime:-0.031250s ]
NOTIC: [8] Array to string conversion D:\WWW\duoqy\duoqy\dqy\Lib\Core\Behavior.class.php 第 60 行.
NOTIC: [2] implode(): Invalid arguments passed D:\WWW\duoqy\duoqy\dqy\Lib\Behavior\TokenBuildBehavior.class.php 第 71 行.
NOTIC: [2] unlink(./Data/Conf/logs/Temp/0/b/0bd00bad38522939af44147774e596f2.php): No such file or directory D:\WWW\duoqy\duoqy\dqy\Lib\Driver\Cache\CacheFile.class.php 第 176 行.
INFO: Run TokenBuild Behavior [ RunTime:-0.031250s ]
INFO: Run WriteHtmlCache Behavior [ RunTime:-0.031250s ]
INFO: Run ShowRuntime Behavior [ RunTime:-0.031250s ]
INFO: [ view_filter ] --END-- [ RunTime:0.000000s ]
INFO: [ view_end ] --START--
INFO: Run ShowPageTrace Behavior [ RunTime:-0.031250s ]
INFO: [ view_end ] --END-- [ RunTime:0.000000s ]

[ 2015-11-28T15:10:58+08:00 ] 58.48.10.52 /index.php?m=Weiyi&a=about
INFO: [ app_begin ] --START--
INFO: Run ReadHtmlCache Behavior [ RunTime:0.000000s ]
INFO: [ app_begin ] --END-- [ RunTime:0.000000s ]
NOTIC: [2] Cannot use a scalar value as an array D:\WWW\duoqy\duoqy\dqy\Lib\Core\Action.class.php 第 208 行.
SQL: SHOW COLUMNS FROM `tp_qywebsite` [ RunTime:0.000000s ]
SQL: SELECT * FROM `tp_qywebsite` WHERE ( `site_url` = '121.40.76.167' ) LIMIT 1   [ RunTime:0.000000s ]
INFO: [ view_template ] --START--
INFO: Run LocationTemplate Behavior [ RunTime:-0.015625s ]
INFO: [ view_template ] --END-- [ RunTime:0.000000s ]
INFO: [ view_parse ] --START--
INFO: Run ParseTemplate Behavior [ RunTime:-0.015625s ]
INFO: [ view_parse ] --END-- [ RunTime:0.015625s ]
INFO: [ view_filter ] --START--
INFO: Run ContentReplace Behavior [ RunTime:-0.031250s ]
NOTIC: [8] Array to string conversion D:\WWW\duoqy\duoqy\dqy\Lib\Core\Behavior.class.php 第 60 行.
NOTIC: [2] implode(): Invalid arguments passed D:\WWW\duoqy\duoqy\dqy\Lib\Behavior\TokenBuildBehavior.class.php 第 71 行.
NOTIC: [2] unlink(./Data/Conf/logs/Temp/0/b/0bd00bad38522939af44147774e596f2.php): No such file or directory D:\WWW\duoqy\duoqy\dqy\Lib\Driver\Cache\CacheFile.class.php 第 176 行.
INFO: Run TokenBuild Behavior [ RunTime:-0.031250s ]
INFO: Run WriteHtmlCache Behavior [ RunTime:-0.031250s ]
INFO: Run ShowRuntime Behavior [ RunTime:-0.031250s ]
INFO: [ view_filter ] --END-- [ RunTime:0.000000s ]
INFO: [ view_end ] --START--
INFO: Run ShowPageTrace Behavior [ RunTime:-0.031250s ]
INFO: [ view_end ] --END-- [ RunTime:0.000000s ]

