[ 2015-11-29T18:57:44+08:00 ] ERR: (ThinkException) 无法加载模块:Attendance
[ 2015-11-29T19:26:16+08:00 ] ERR: (ThinkException) 无法加载模块:Attendance
[ 2015-11-29T22:42:26+08:00 ] 101.200.77.100 /
INFO: [ app_begin ] --START--
INFO: Run ReadHtmlCache Behavior [ RunTime:0.000000s ]
INFO: [ app_begin ] --END-- [ RunTime:0.000000s ]
NOTIC: [2] Cannot use a scalar value as an array D:\WWW\duoqy\duoqy\dqy\Lib\Core\Action.class.php 第 208 行.
SQL: SHOW COLUMNS FROM `tp_qywebsite` [ RunTime:0.062500s ]
SQL: SELECT * FROM `tp_qywebsite` WHERE ( `site_url` = '121.40.76.167' ) LIMIT 1   [ RunTime:0.000000s ]
SQL: SHOW COLUMNS FROM `tp_qytoken` [ RunTime:0.015625s ]
SQL: SELECT * FROM `tp_qytoken` WHERE ( `host` = '121.40.76.167' ) LIMIT 1   [ RunTime:0.000000s ]
INFO: [ view_template ] --START--
INFO: Run LocationTemplate Behavior [ RunTime:-0.265624s ]
INFO: [ view_template ] --END-- [ RunTime:0.000000s ]
INFO: [ view_parse ] --START--
INFO: Run ParseTemplate Behavior [ RunTime:-0.265624s ]
INFO: [ view_parse ] --END-- [ RunTime:0.109374s ]
INFO: [ view_filter ] --START--
INFO: Run ContentReplace Behavior [ RunTime:-0.374998s ]
NOTIC: [8] Array to string conversion D:\WWW\duoqy\duoqy\dqy\Lib\Core\Behavior.class.php 第 60 行.
NOTIC: [2] implode(): Invalid arguments passed D:\WWW\duoqy\duoqy\dqy\Lib\Behavior\TokenBuildBehavior.class.php 第 71 行.
NOTIC: [2] unlink(./Data/Conf/logs/Temp/0/b/0bd00bad38522939af44147774e596f2.php): No such file or directory D:\WWW\duoqy\duoqy\dqy\Lib\Driver\Cache\CacheFile.class.php 第 176 行.
INFO: Run TokenBuild Behavior [ RunTime:-0.374998s ]
INFO: Run WriteHtmlCache Behavior [ RunTime:-0.374998s ]
INFO: Run ShowRuntime Behavior [ RunTime:-0.374998s ]
INFO: [ view_filter ] --END-- [ RunTime:0.000000s ]
INFO: [ view_end ] --START--
INFO: Run ShowPageTrace Behavior [ RunTime:-0.374998s ]
INFO: [ view_end ] --END-- [ RunTime:0.031250s ]

