[ 2015-11-12T17:43:33+08:00 ] 208.100.26.231 /
INFO: [ app_begin ] --START--
INFO: Run ReadHtmlCache Behavior [ RunTime:0.015626s ]
INFO: [ app_begin ] --END-- [ RunTime:0.015626s ]
NOTIC: [2] Cannot use a scalar value as an array D:\WWW\duoqy\dqy\Lib\Core\Action.class.php 第 208 行.
SQL: SHOW COLUMNS FROM `tp_qywebsite` [ RunTime:0.015625s ]
SQL: SELECT * FROM `tp_qywebsite` WHERE ( `site_url` = '121.40.76.167' ) LIMIT 1   [ RunTime:0.000000s ]
SQL: SHOW COLUMNS FROM `tp_qytoken` [ RunTime:0.031251s ]
SQL: SELECT * FROM `tp_qytoken` WHERE ( `host` = '121.40.76.167' ) LIMIT 1   [ RunTime:0.000000s ]
INFO: [ view_template ] --START--
INFO: Run LocationTemplate Behavior [ RunTime:-0.156253s ]
INFO: [ view_template ] --END-- [ RunTime:0.015625s ]
INFO: [ view_parse ] --START--
INFO: Run ParseTemplate Behavior [ RunTime:-0.171878s ]
INFO: [ view_parse ] --END-- [ RunTime:0.046876s ]
INFO: [ view_filter ] --START--
INFO: Run ContentReplace Behavior [ RunTime:-0.218754s ]
NOTIC: [8] Array to string conversion D:\WWW\duoqy\dqy\Lib\Core\Behavior.class.php 第 60 行.
NOTIC: [2] implode(): Invalid arguments passed D:\WWW\duoqy\dqy\Lib\Behavior\TokenBuildBehavior.class.php 第 71 行.
NOTIC: [2] unlink(./Data/Conf/logs/Temp/0/b/0bd00bad38522939af44147774e596f2.php): No such file or directory D:\WWW\duoqy\dqy\Lib\Driver\Cache\CacheFile.class.php 第 176 行.
INFO: Run TokenBuild Behavior [ RunTime:-0.234379s ]
INFO: Run WriteHtmlCache Behavior [ RunTime:-0.234379s ]
INFO: Run ShowRuntime Behavior [ RunTime:-0.234379s ]
INFO: [ view_filter ] --END-- [ RunTime:0.031250s ]
INFO: [ view_end ] --START--
INFO: Run ShowPageTrace Behavior [ RunTime:-0.250004s ]
INFO: [ view_end ] --END-- [ RunTime:0.000000s ]

[ 2015-11-12T20:59:08+08:00 ] 121.42.0.14 /
INFO: [ app_begin ] --START--
INFO: Run ReadHtmlCache Behavior [ RunTime:0.015625s ]
INFO: [ app_begin ] --END-- [ RunTime:0.015625s ]
NOTIC: [2] Cannot use a scalar value as an array D:\WWW\duoqy\dqy\Lib\Core\Action.class.php 第 208 行.
SQL: SHOW COLUMNS FROM `tp_qywebsite` [ RunTime:0.078126s ]
SQL: SELECT * FROM `tp_qywebsite` WHERE ( `site_url` = '121.40.76.167' ) LIMIT 1   [ RunTime:0.000000s ]
SQL: SHOW COLUMNS FROM `tp_qytoken` [ RunTime:0.062501s ]
SQL: SELECT * FROM `tp_qytoken` WHERE ( `host` = '121.40.76.167' ) LIMIT 1   [ RunTime:0.015625s ]
INFO: [ view_template ] --START--
INFO: Run LocationTemplate Behavior [ RunTime:-0.296879s ]
INFO: [ view_template ] --END-- [ RunTime:0.015625s ]
INFO: [ view_parse ] --START--
INFO: Run ParseTemplate Behavior [ RunTime:-0.312504s ]
INFO: [ view_parse ] --END-- [ RunTime:0.046875s ]
INFO: [ view_filter ] --START--
INFO: Run ContentReplace Behavior [ RunTime:-0.359379s ]
NOTIC: [8] Array to string conversion D:\WWW\duoqy\dqy\Lib\Core\Behavior.class.php 第 60 行.
NOTIC: [2] implode(): Invalid arguments passed D:\WWW\duoqy\dqy\Lib\Behavior\TokenBuildBehavior.class.php 第 71 行.
NOTIC: [2] unlink(./Data/Conf/logs/Temp/0/b/0bd00bad38522939af44147774e596f2.php): No such file or directory D:\WWW\duoqy\dqy\Lib\Driver\Cache\CacheFile.class.php 第 176 行.
INFO: Run TokenBuild Behavior [ RunTime:-0.406255s ]
INFO: Run WriteHtmlCache Behavior [ RunTime:-0.406255s ]
INFO: Run ShowRuntime Behavior [ RunTime:-0.406255s ]
INFO: [ view_filter ] --END-- [ RunTime:0.046876s ]
INFO: [ view_end ] --START--
INFO: Run ShowPageTrace Behavior [ RunTime:-0.406255s ]
INFO: [ view_end ] --END-- [ RunTime:0.015625s ]

[ 2015-11-12T20:59:23+08:00 ] 121.42.0.14 /
INFO: [ app_begin ] --START--
INFO: Run ReadHtmlCache Behavior [ RunTime:0.000000s ]
INFO: [ app_begin ] --END-- [ RunTime:0.000000s ]
NOTIC: [2] Cannot use a scalar value as an array D:\WWW\duoqy\dqy\Lib\Core\Action.class.php 第 208 行.
SQL: SHOW COLUMNS FROM `tp_qywebsite` [ RunTime:0.000000s ]
SQL: SELECT * FROM `tp_qywebsite` WHERE ( `site_url` = '121.40.76.167' ) LIMIT 1   [ RunTime:0.000000s ]
SQL: SHOW COLUMNS FROM `tp_qytoken` [ RunTime:0.015626s ]
SQL: SELECT * FROM `tp_qytoken` WHERE ( `host` = '121.40.76.167' ) LIMIT 1   [ RunTime:0.000000s ]
INFO: [ view_template ] --START--
INFO: Run LocationTemplate Behavior [ RunTime:-0.031251s ]
INFO: [ view_template ] --END-- [ RunTime:0.000000s ]
INFO: [ view_parse ] --START--
INFO: Run ParseTemplate Behavior [ RunTime:-0.031251s ]
INFO: [ view_parse ] --END-- [ RunTime:0.000000s ]
INFO: [ view_filter ] --START--
INFO: Run ContentReplace Behavior [ RunTime:-0.031251s ]
NOTIC: [8] Array to string conversion D:\WWW\duoqy\dqy\Lib\Core\Behavior.class.php 第 60 行.
NOTIC: [2] implode(): Invalid arguments passed D:\WWW\duoqy\dqy\Lib\Behavior\TokenBuildBehavior.class.php 第 71 行.
NOTIC: [2] unlink(./Data/Conf/logs/Temp/0/b/0bd00bad38522939af44147774e596f2.php): No such file or directory D:\WWW\duoqy\dqy\Lib\Driver\Cache\CacheFile.class.php 第 176 行.
INFO: Run TokenBuild Behavior [ RunTime:-0.031251s ]
INFO: Run WriteHtmlCache Behavior [ RunTime:-0.031251s ]
INFO: Run ShowRuntime Behavior [ RunTime:-0.031251s ]
INFO: [ view_filter ] --END-- [ RunTime:0.015625s ]
INFO: [ view_end ] --START--
INFO: Run ShowPageTrace Behavior [ RunTime:-0.046876s ]
INFO: [ view_end ] --END-- [ RunTime:0.000000s ]

[ 2015-11-12T20:59:30+08:00 ] 121.42.0.14 /
INFO: [ app_begin ] --START--
INFO: Run ReadHtmlCache Behavior [ RunTime:0.000000s ]
INFO: [ app_begin ] --END-- [ RunTime:0.000000s ]
NOTIC: [2] Cannot use a scalar value as an array D:\WWW\duoqy\dqy\Lib\Core\Action.class.php 第 208 行.
SQL: SHOW COLUMNS FROM `tp_qywebsite` [ RunTime:0.000000s ]
SQL: SELECT * FROM `tp_qywebsite` WHERE ( `site_url` = '121.40.76.167' ) LIMIT 1   [ RunTime:0.000000s ]
SQL: SHOW COLUMNS FROM `tp_qytoken` [ RunTime:0.000000s ]
SQL: SELECT * FROM `tp_qytoken` WHERE ( `host` = '121.40.76.167' ) LIMIT 1   [ RunTime:0.000000s ]
INFO: [ view_template ] --START--
INFO: Run LocationTemplate Behavior [ RunTime:-0.015625s ]
INFO: [ view_template ] --END-- [ RunTime:0.000000s ]
INFO: [ view_parse ] --START--
INFO: Run ParseTemplate Behavior [ RunTime:-0.015625s ]
INFO: [ view_parse ] --END-- [ RunTime:0.015625s ]
INFO: [ view_filter ] --START--
INFO: Run ContentReplace Behavior [ RunTime:-0.031250s ]
NOTIC: [8] Array to string conversion D:\WWW\duoqy\dqy\Lib\Core\Behavior.class.php 第 60 行.
NOTIC: [2] implode(): Invalid arguments passed D:\WWW\duoqy\dqy\Lib\Behavior\TokenBuildBehavior.class.php 第 71 行.
NOTIC: [2] unlink(./Data/Conf/logs/Temp/0/b/0bd00bad38522939af44147774e596f2.php): No such file or directory D:\WWW\duoqy\dqy\Lib\Driver\Cache\CacheFile.class.php 第 176 行.
INFO: Run TokenBuild Behavior [ RunTime:-0.031250s ]
INFO: Run WriteHtmlCache Behavior [ RunTime:-0.031250s ]
INFO: Run ShowRuntime Behavior [ RunTime:-0.031250s ]
INFO: [ view_filter ] --END-- [ RunTime:0.000000s ]
INFO: [ view_end ] --START--
INFO: Run ShowPageTrace Behavior [ RunTime:-0.031250s ]
INFO: [ view_end ] --END-- [ RunTime:0.000000s ]

[ 2015-11-12T20:59:53+08:00 ] 121.42.0.14 /
INFO: [ app_begin ] --START--
INFO: Run ReadHtmlCache Behavior [ RunTime:0.000000s ]
INFO: [ app_begin ] --END-- [ RunTime:0.000000s ]
NOTIC: [2] Cannot use a scalar value as an array D:\WWW\duoqy\dqy\Lib\Core\Action.class.php 第 208 行.
SQL: SHOW COLUMNS FROM `tp_qywebsite` [ RunTime:0.000000s ]
SQL: SELECT * FROM `tp_qywebsite` WHERE ( `site_url` = '121.40.76.167' ) LIMIT 1   [ RunTime:0.000000s ]
SQL: SHOW COLUMNS FROM `tp_qytoken` [ RunTime:0.015625s ]
SQL: SELECT * FROM `tp_qytoken` WHERE ( `host` = '121.40.76.167' ) LIMIT 1   [ RunTime:0.000000s ]
INFO: [ view_template ] --START--
INFO: Run LocationTemplate Behavior [ RunTime:-0.031251s ]
INFO: [ view_template ] --END-- [ RunTime:0.000000s ]
INFO: [ view_parse ] --START--
INFO: Run ParseTemplate Behavior [ RunTime:-0.031251s ]
INFO: [ view_parse ] --END-- [ RunTime:0.000000s ]
INFO: [ view_filter ] --START--
INFO: Run ContentReplace Behavior [ RunTime:-0.031251s ]
NOTIC: [8] Array to string conversion D:\WWW\duoqy\dqy\Lib\Core\Behavior.class.php 第 60 行.
NOTIC: [2] implode(): Invalid arguments passed D:\WWW\duoqy\dqy\Lib\Behavior\TokenBuildBehavior.class.php 第 71 行.
NOTIC: [2] unlink(./Data/Conf/logs/Temp/0/b/0bd00bad38522939af44147774e596f2.php): No such file or directory D:\WWW\duoqy\dqy\Lib\Driver\Cache\CacheFile.class.php 第 176 行.
INFO: Run TokenBuild Behavior [ RunTime:-0.031251s ]
INFO: Run WriteHtmlCache Behavior [ RunTime:-0.031251s ]
INFO: Run ShowRuntime Behavior [ RunTime:-0.031251s ]
INFO: [ view_filter ] --END-- [ RunTime:0.000000s ]
INFO: [ view_end ] --START--
INFO: Run ShowPageTrace Behavior [ RunTime:-0.031251s ]
INFO: [ view_end ] --END-- [ RunTime:0.000000s ]

[ 2015-11-12T21:00:00+08:00 ] 121.42.0.14 /index.php
INFO: [ app_begin ] --START--
INFO: Run ReadHtmlCache Behavior [ RunTime:0.000000s ]
INFO: [ app_begin ] --END-- [ RunTime:0.000000s ]
NOTIC: [2] Cannot use a scalar value as an array D:\WWW\duoqy\dqy\Lib\Core\Action.class.php 第 208 行.
SQL: SHOW COLUMNS FROM `tp_qywebsite` [ RunTime:0.000000s ]
SQL: SELECT * FROM `tp_qywebsite` WHERE ( `site_url` = '121.40.76.167' ) LIMIT 1   [ RunTime:0.000000s ]
SQL: SHOW COLUMNS FROM `tp_qytoken` [ RunTime:0.015625s ]
SQL: SELECT * FROM `tp_qytoken` WHERE ( `host` = '121.40.76.167' ) LIMIT 1   [ RunTime:0.000000s ]
INFO: [ view_template ] --START--
INFO: Run LocationTemplate Behavior [ RunTime:-0.031250s ]
INFO: [ view_template ] --END-- [ RunTime:0.000000s ]
INFO: [ view_parse ] --START--
INFO: Run ParseTemplate Behavior [ RunTime:-0.031250s ]
INFO: [ view_parse ] --END-- [ RunTime:0.000000s ]
INFO: [ view_filter ] --START--
INFO: Run ContentReplace Behavior [ RunTime:-0.031250s ]
NOTIC: [8] Array to string conversion D:\WWW\duoqy\dqy\Lib\Core\Behavior.class.php 第 60 行.
NOTIC: [2] implode(): Invalid arguments passed D:\WWW\duoqy\dqy\Lib\Behavior\TokenBuildBehavior.class.php 第 71 行.
NOTIC: [2] unlink(./Data/Conf/logs/Temp/0/b/0bd00bad38522939af44147774e596f2.php): No such file or directory D:\WWW\duoqy\dqy\Lib\Driver\Cache\CacheFile.class.php 第 176 行.
INFO: Run TokenBuild Behavior [ RunTime:-0.031250s ]
INFO: Run WriteHtmlCache Behavior [ RunTime:-0.031250s ]
INFO: Run ShowRuntime Behavior [ RunTime:-0.046876s ]
INFO: [ view_filter ] --END-- [ RunTime:0.015626s ]
INFO: [ view_end ] --START--
INFO: Run ShowPageTrace Behavior [ RunTime:-0.046876s ]
INFO: [ view_end ] --END-- [ RunTime:0.000000s ]

[ 2015-11-12T21:00:02+08:00 ] 121.42.0.14 /
INFO: [ app_begin ] --START--
INFO: Run ReadHtmlCache Behavior [ RunTime:0.000000s ]
INFO: [ app_begin ] --END-- [ RunTime:0.000000s ]
NOTIC: [2] Cannot use a scalar value as an array D:\WWW\duoqy\dqy\Lib\Core\Action.class.php 第 208 行.
SQL: SHOW COLUMNS FROM `tp_qywebsite` [ RunTime:0.000000s ]
SQL: SELECT * FROM `tp_qywebsite` WHERE ( `site_url` = '121.40.76.167' ) LIMIT 1   [ RunTime:0.000000s ]
SQL: SHOW COLUMNS FROM `tp_qytoken` [ RunTime:0.000000s ]
SQL: SELECT * FROM `tp_qytoken` WHERE ( `host` = '121.40.76.167' ) LIMIT 1   [ RunTime:0.000000s ]
INFO: [ view_template ] --START--
INFO: Run LocationTemplate Behavior [ RunTime:-0.015625s ]
INFO: [ view_template ] --END-- [ RunTime:0.015625s ]
INFO: [ view_parse ] --START--
INFO: Run ParseTemplate Behavior [ RunTime:-0.031250s ]
INFO: [ view_parse ] --END-- [ RunTime:0.000000s ]
INFO: [ view_filter ] --START--
INFO: Run ContentReplace Behavior [ RunTime:-0.031250s ]
NOTIC: [8] Array to string conversion D:\WWW\duoqy\dqy\Lib\Core\Behavior.class.php 第 60 行.
NOTIC: [2] implode(): Invalid arguments passed D:\WWW\duoqy\dqy\Lib\Behavior\TokenBuildBehavior.class.php 第 71 行.
NOTIC: [2] unlink(./Data/Conf/logs/Temp/0/b/0bd00bad38522939af44147774e596f2.php): No such file or directory D:\WWW\duoqy\dqy\Lib\Driver\Cache\CacheFile.class.php 第 176 行.
INFO: Run TokenBuild Behavior [ RunTime:-0.031250s ]
INFO: Run WriteHtmlCache Behavior [ RunTime:-0.031250s ]
INFO: Run ShowRuntime Behavior [ RunTime:-0.031250s ]
INFO: [ view_filter ] --END-- [ RunTime:0.000000s ]
INFO: [ view_end ] --START--
INFO: Run ShowPageTrace Behavior [ RunTime:-0.031250s ]
INFO: [ view_end ] --END-- [ RunTime:0.000000s ]

[ 2015-11-12T21:00:15+08:00 ] 121.42.0.14 /
INFO: [ app_begin ] --START--
INFO: Run ReadHtmlCache Behavior [ RunTime:0.000000s ]
INFO: [ app_begin ] --END-- [ RunTime:0.000000s ]
NOTIC: [2] Cannot use a scalar value as an array D:\WWW\duoqy\dqy\Lib\Core\Action.class.php 第 208 行.
SQL: SHOW COLUMNS FROM `tp_qywebsite` [ RunTime:0.000000s ]
SQL: SELECT * FROM `tp_qywebsite` WHERE ( `site_url` = '121.40.76.167' ) LIMIT 1   [ RunTime:0.000000s ]
SQL: SHOW COLUMNS FROM `tp_qytoken` [ RunTime:0.000000s ]
SQL: SELECT * FROM `tp_qytoken` WHERE ( `host` = '121.40.76.167' ) LIMIT 1   [ RunTime:0.000000s ]
INFO: [ view_template ] --START--
INFO: Run LocationTemplate Behavior [ RunTime:-0.031251s ]
INFO: [ view_template ] --END-- [ RunTime:0.000000s ]
INFO: [ view_parse ] --START--
INFO: Run ParseTemplate Behavior [ RunTime:-0.031251s ]
INFO: [ view_parse ] --END-- [ RunTime:0.000000s ]
INFO: [ view_filter ] --START--
INFO: Run ContentReplace Behavior [ RunTime:-0.031251s ]
NOTIC: [8] Array to string conversion D:\WWW\duoqy\dqy\Lib\Core\Behavior.class.php 第 60 行.
NOTIC: [2] implode(): Invalid arguments passed D:\WWW\duoqy\dqy\Lib\Behavior\TokenBuildBehavior.class.php 第 71 行.
NOTIC: [2] unlink(./Data/Conf/logs/Temp/0/b/0bd00bad38522939af44147774e596f2.php): No such file or directory D:\WWW\duoqy\dqy\Lib\Driver\Cache\CacheFile.class.php 第 176 行.
INFO: Run TokenBuild Behavior [ RunTime:-0.031251s ]
INFO: Run WriteHtmlCache Behavior [ RunTime:-0.031251s ]
INFO: Run ShowRuntime Behavior [ RunTime:-0.031251s ]
INFO: [ view_filter ] --END-- [ RunTime:0.000000s ]
INFO: [ view_end ] --START--
INFO: Run ShowPageTrace Behavior [ RunTime:-0.031251s ]
INFO: [ view_end ] --END-- [ RunTime:0.000000s ]

