[ 2015-11-14T05:35:23+08:00 ] 221.231.6.246 /
INFO: [ app_begin ] --START--
INFO: Run ReadHtmlCache Behavior [ RunTime:0.000000s ]
INFO: [ app_begin ] --END-- [ RunTime:0.000000s ]
NOTIC: [2] Cannot use a scalar value as an array D:\WWW\duoqy\dqy\Lib\Core\Action.class.php 第 208 行.
SQL: SHOW COLUMNS FROM `tp_qywebsite` [ RunTime:0.000000s ]
SQL: SELECT * FROM `tp_qywebsite` WHERE ( `site_url` = '121.40.76.167' ) LIMIT 1   [ RunTime:0.000000s ]
SQL: SHOW COLUMNS FROM `tp_qytoken` [ RunTime:0.015626s ]
SQL: SELECT * FROM `tp_qytoken` WHERE ( `host` = '121.40.76.167' ) LIMIT 1   [ RunTime:0.000000s ]
INFO: [ view_template ] --START--
INFO: Run LocationTemplate Behavior [ RunTime:-0.015626s ]
INFO: [ view_template ] --END-- [ RunTime:0.000000s ]
INFO: [ view_parse ] --START--
INFO: Run ParseTemplate Behavior [ RunTime:-0.015626s ]
INFO: [ view_parse ] --END-- [ RunTime:0.000000s ]
INFO: [ view_filter ] --START--
INFO: Run ContentReplace Behavior [ RunTime:-0.015626s ]
NOTIC: [8] Array to string conversion D:\WWW\duoqy\dqy\Lib\Core\Behavior.class.php 第 60 行.
NOTIC: [2] implode(): Invalid arguments passed D:\WWW\duoqy\dqy\Lib\Behavior\TokenBuildBehavior.class.php 第 71 行.
NOTIC: [2] unlink(./Data/Conf/logs/Temp/0/b/0bd00bad38522939af44147774e596f2.php): No such file or directory D:\WWW\duoqy\dqy\Lib\Driver\Cache\CacheFile.class.php 第 176 行.
INFO: Run TokenBuild Behavior [ RunTime:-0.015626s ]
INFO: Run WriteHtmlCache Behavior [ RunTime:-0.015626s ]
INFO: Run ShowRuntime Behavior [ RunTime:-0.015626s ]
INFO: [ view_filter ] --END-- [ RunTime:0.000000s ]
INFO: [ view_end ] --START--
INFO: Run ShowPageTrace Behavior [ RunTime:-0.015626s ]
INFO: [ view_end ] --END-- [ RunTime:0.015625s ]

[ 2015-11-14T15:11:21+08:00 ] 153.195.204.30 /
INFO: [ app_begin ] --START--
INFO: Run ReadHtmlCache Behavior [ RunTime:0.000000s ]
INFO: [ app_begin ] --END-- [ RunTime:0.000000s ]
NOTIC: [2] Cannot use a scalar value as an array D:\WWW\duoqy\dqy\Lib\Core\Action.class.php 第 208 行.
SQL: SHOW COLUMNS FROM `tp_qywebsite` [ RunTime:0.000000s ]
SQL: SELECT * FROM `tp_qywebsite` WHERE ( `site_url` = '121.40.76.167' ) LIMIT 1   [ RunTime:0.000000s ]
SQL: SHOW COLUMNS FROM `tp_qytoken` [ RunTime:0.000000s ]
SQL: SELECT * FROM `tp_qytoken` WHERE ( `host` = '121.40.76.167' ) LIMIT 1   [ RunTime:0.000000s ]
INFO: [ view_template ] --START--
INFO: Run LocationTemplate Behavior [ RunTime:0.000000s ]
INFO: [ view_template ] --END-- [ RunTime:0.015625s ]
INFO: [ view_parse ] --START--
INFO: Run ParseTemplate Behavior [ RunTime:-0.015625s ]
INFO: [ view_parse ] --END-- [ RunTime:0.093751s ]
INFO: [ view_filter ] --START--
INFO: Run ContentReplace Behavior [ RunTime:-0.109376s ]
NOTIC: [8] Array to string conversion D:\WWW\duoqy\dqy\Lib\Core\Behavior.class.php 第 60 行.
NOTIC: [2] implode(): Invalid arguments passed D:\WWW\duoqy\dqy\Lib\Behavior\TokenBuildBehavior.class.php 第 71 行.
NOTIC: [2] unlink(./Data/Conf/logs/Temp/0/b/0bd00bad38522939af44147774e596f2.php): No such file or directory D:\WWW\duoqy\dqy\Lib\Driver\Cache\CacheFile.class.php 第 176 行.
INFO: Run TokenBuild Behavior [ RunTime:-0.109376s ]
INFO: Run WriteHtmlCache Behavior [ RunTime:-0.109376s ]
INFO: Run ShowRuntime Behavior [ RunTime:-0.109376s ]
INFO: [ view_filter ] --END-- [ RunTime:0.000000s ]
INFO: [ view_end ] --START--
INFO: Run ShowPageTrace Behavior [ RunTime:-0.109376s ]
INFO: [ view_end ] --END-- [ RunTime:0.000000s ]

[ 2015-11-14T21:48:22+08:00 ] 61.135.190.198 /
INFO: [ app_begin ] --START--
INFO: Run ReadHtmlCache Behavior [ RunTime:0.000000s ]
INFO: [ app_begin ] --END-- [ RunTime:0.000000s ]
NOTIC: [2] Cannot use a scalar value as an array D:\WWW\duoqy\dqy\Lib\Core\Action.class.php 第 208 行.
SQL: SHOW COLUMNS FROM `tp_qywebsite` [ RunTime:0.000000s ]
SQL: SELECT * FROM `tp_qywebsite` WHERE ( `site_url` = '121.40.76.167' ) LIMIT 1   [ RunTime:0.000000s ]
SQL: SHOW COLUMNS FROM `tp_qytoken` [ RunTime:0.000000s ]
SQL: SELECT * FROM `tp_qytoken` WHERE ( `host` = '121.40.76.167' ) LIMIT 1   [ RunTime:0.000000s ]
INFO: [ view_template ] --START--
INFO: Run LocationTemplate Behavior [ RunTime:0.000000s ]
INFO: [ view_template ] --END-- [ RunTime:0.015625s ]
INFO: [ view_parse ] --START--
INFO: Run ParseTemplate Behavior [ RunTime:-0.015625s ]
INFO: [ view_parse ] --END-- [ RunTime:0.000000s ]
INFO: [ view_filter ] --START--
INFO: Run ContentReplace Behavior [ RunTime:-0.015625s ]
NOTIC: [8] Array to string conversion D:\WWW\duoqy\dqy\Lib\Core\Behavior.class.php 第 60 行.
NOTIC: [2] implode(): Invalid arguments passed D:\WWW\duoqy\dqy\Lib\Behavior\TokenBuildBehavior.class.php 第 71 行.
NOTIC: [2] unlink(./Data/Conf/logs/Temp/0/b/0bd00bad38522939af44147774e596f2.php): No such file or directory D:\WWW\duoqy\dqy\Lib\Driver\Cache\CacheFile.class.php 第 176 行.
INFO: Run TokenBuild Behavior [ RunTime:-0.015625s ]
INFO: Run WriteHtmlCache Behavior [ RunTime:-0.015625s ]
INFO: Run ShowRuntime Behavior [ RunTime:-0.015625s ]
INFO: [ view_filter ] --END-- [ RunTime:0.000000s ]
INFO: [ view_end ] --START--
INFO: Run ShowPageTrace Behavior [ RunTime:-0.015625s ]
INFO: [ view_end ] --END-- [ RunTime:0.000000s ]

