[ 2015-11-27T12:34:52+08:00 ] 221.231.6.195 /
INFO: [ app_begin ] --START--
INFO: Run ReadHtmlCache Behavior [ RunTime:0.031250s ]
INFO: [ app_begin ] --END-- [ RunTime:0.031250s ]
NOTIC: [2] Cannot use a scalar value as an array D:\WWW\duoqy\duoqy\dqy\Lib\Core\Action.class.php 第 208 行.
SQL: SHOW COLUMNS FROM `tp_qywebsite` [ RunTime:0.093752s ]
SQL: SELECT * FROM `tp_qywebsite` WHERE ( `site_url` = '121.40.76.167' ) LIMIT 1   [ RunTime:0.000000s ]
SQL: SHOW COLUMNS FROM `tp_qytoken` [ RunTime:0.062501s ]
SQL: SELECT * FROM `tp_qytoken` WHERE ( `host` = '121.40.76.167' ) LIMIT 1   [ RunTime:0.000000s ]
INFO: [ view_template ] --START--
INFO: Run LocationTemplate Behavior [ RunTime:-0.468759s ]
INFO: [ view_template ] --END-- [ RunTime:0.031251s ]
INFO: [ view_parse ] --START--
INFO: Run ParseTemplate Behavior [ RunTime:-0.500010s ]
INFO: [ view_parse ] --END-- [ RunTime:0.203129s ]
INFO: [ view_filter ] --START--
INFO: Run ContentReplace Behavior [ RunTime:-0.703139s ]
NOTIC: [8] Array to string conversion D:\WWW\duoqy\duoqy\dqy\Lib\Core\Behavior.class.php 第 60 行.
NOTIC: [2] implode(): Invalid arguments passed D:\WWW\duoqy\duoqy\dqy\Lib\Behavior\TokenBuildBehavior.class.php 第 71 行.
NOTIC: [2] unlink(./Data/Conf/logs/Temp/0/b/0bd00bad38522939af44147774e596f2.php): No such file or directory D:\WWW\duoqy\duoqy\dqy\Lib\Driver\Cache\CacheFile.class.php 第 176 行.
INFO: Run TokenBuild Behavior [ RunTime:-0.703139s ]
INFO: Run WriteHtmlCache Behavior [ RunTime:-0.718764s ]
INFO: Run ShowRuntime Behavior [ RunTime:-0.718764s ]
INFO: [ view_filter ] --END-- [ RunTime:0.031250s ]
INFO: [ view_end ] --START--
INFO: Run ShowPageTrace Behavior [ RunTime:-0.734389s ]
INFO: [ view_end ] --END-- [ RunTime:0.015626s ]

[ 2015-11-27T18:03:40+08:00 ] 221.231.6.195 /
INFO: [ app_begin ] --START--
INFO: Run ReadHtmlCache Behavior [ RunTime:0.031250s ]
INFO: [ app_begin ] --END-- [ RunTime:0.031250s ]
NOTIC: [2] Cannot use a scalar value as an array D:\WWW\duoqy\duoqy\dqy\Lib\Core\Action.class.php 第 208 行.
SQL: SHOW COLUMNS FROM `tp_qywebsite` [ RunTime:0.031251s ]
SQL: SELECT * FROM `tp_qywebsite` WHERE ( `site_url` = '121.40.76.167' ) LIMIT 1   [ RunTime:0.000000s ]
SQL: SHOW COLUMNS FROM `tp_qytoken` [ RunTime:0.046875s ]
SQL: SELECT * FROM `tp_qytoken` WHERE ( `host` = '121.40.76.167' ) LIMIT 1   [ RunTime:0.015626s ]
INFO: [ view_template ] --START--
INFO: Run LocationTemplate Behavior [ RunTime:-0.125002s ]
INFO: [ view_template ] --END-- [ RunTime:0.000000s ]
INFO: [ view_parse ] --START--
INFO: Run ParseTemplate Behavior [ RunTime:-0.125002s ]
INFO: [ view_parse ] --END-- [ RunTime:0.046875s ]
INFO: [ view_filter ] --START--
INFO: Run ContentReplace Behavior [ RunTime:-0.171877s ]
NOTIC: [8] Array to string conversion D:\WWW\duoqy\duoqy\dqy\Lib\Core\Behavior.class.php 第 60 行.
NOTIC: [2] implode(): Invalid arguments passed D:\WWW\duoqy\duoqy\dqy\Lib\Behavior\TokenBuildBehavior.class.php 第 71 行.
NOTIC: [2] unlink(./Data/Conf/logs/Temp/0/b/0bd00bad38522939af44147774e596f2.php): No such file or directory D:\WWW\duoqy\duoqy\dqy\Lib\Driver\Cache\CacheFile.class.php 第 176 行.
INFO: Run TokenBuild Behavior [ RunTime:-0.171877s ]
INFO: Run WriteHtmlCache Behavior [ RunTime:-0.171877s ]
INFO: Run ShowRuntime Behavior [ RunTime:-0.187502s ]
INFO: [ view_filter ] --END-- [ RunTime:0.015625s ]
INFO: [ view_end ] --START--
INFO: Run ShowPageTrace Behavior [ RunTime:-0.187502s ]
INFO: [ view_end ] --END-- [ RunTime:0.000000s ]

[ 2015-11-27T21:48:52+08:00 ] 101.200.77.100 /
INFO: [ app_begin ] --START--
INFO: Run ReadHtmlCache Behavior [ RunTime:0.000000s ]
INFO: [ app_begin ] --END-- [ RunTime:0.000000s ]
NOTIC: [2] Cannot use a scalar value as an array D:\WWW\duoqy\duoqy\dqy\Lib\Core\Action.class.php 第 208 行.
SQL: SHOW COLUMNS FROM `tp_qywebsite` [ RunTime:0.031251s ]
SQL: SELECT * FROM `tp_qywebsite` WHERE ( `site_url` = '121.40.76.167' ) LIMIT 1   [ RunTime:0.000000s ]
SQL: SHOW COLUMNS FROM `tp_qytoken` [ RunTime:0.031250s ]
SQL: SELECT * FROM `tp_qytoken` WHERE ( `host` = '121.40.76.167' ) LIMIT 1   [ RunTime:0.000000s ]
INFO: [ view_template ] --START--
INFO: Run LocationTemplate Behavior [ RunTime:-0.078126s ]
INFO: [ view_template ] --END-- [ RunTime:0.015626s ]
INFO: [ view_parse ] --START--
INFO: Run ParseTemplate Behavior [ RunTime:-0.093752s ]
INFO: [ view_parse ] --END-- [ RunTime:0.015625s ]
INFO: [ view_filter ] --START--
INFO: Run ContentReplace Behavior [ RunTime:-0.109377s ]
NOTIC: [8] Array to string conversion D:\WWW\duoqy\duoqy\dqy\Lib\Core\Behavior.class.php 第 60 行.
NOTIC: [2] implode(): Invalid arguments passed D:\WWW\duoqy\duoqy\dqy\Lib\Behavior\TokenBuildBehavior.class.php 第 71 行.
NOTIC: [2] unlink(./Data/Conf/logs/Temp/0/b/0bd00bad38522939af44147774e596f2.php): No such file or directory D:\WWW\duoqy\duoqy\dqy\Lib\Driver\Cache\CacheFile.class.php 第 176 行.
INFO: Run TokenBuild Behavior [ RunTime:-0.109377s ]
INFO: Run WriteHtmlCache Behavior [ RunTime:-0.109377s ]
INFO: Run ShowRuntime Behavior [ RunTime:-0.109377s ]
INFO: [ view_filter ] --END-- [ RunTime:0.000000s ]
INFO: [ view_end ] --START--
INFO: Run ShowPageTrace Behavior [ RunTime:-0.109377s ]
INFO: [ view_end ] --END-- [ RunTime:0.015625s ]

[ 2015-11-27T22:39:51+08:00 ] 61.135.190.197 /
INFO: [ app_begin ] --START--
INFO: Run ReadHtmlCache Behavior [ RunTime:0.000000s ]
INFO: [ app_begin ] --END-- [ RunTime:0.000000s ]
NOTIC: [2] Cannot use a scalar value as an array D:\WWW\duoqy\duoqy\dqy\Lib\Core\Action.class.php 第 208 行.
SQL: SHOW COLUMNS FROM `tp_qywebsite` [ RunTime:0.000000s ]
SQL: SELECT * FROM `tp_qywebsite` WHERE ( `site_url` = '121.40.76.167' ) LIMIT 1   [ RunTime:0.000000s ]
SQL: SHOW COLUMNS FROM `tp_qytoken` [ RunTime:0.000000s ]
SQL: SELECT * FROM `tp_qytoken` WHERE ( `host` = '121.40.76.167' ) LIMIT 1   [ RunTime:0.000000s ]
INFO: [ view_template ] --START--
INFO: Run LocationTemplate Behavior [ RunTime:-0.015625s ]
INFO: [ view_template ] --END-- [ RunTime:0.000000s ]
INFO: [ view_parse ] --START--
INFO: Run ParseTemplate Behavior [ RunTime:-0.015625s ]
INFO: [ view_parse ] --END-- [ RunTime:0.015626s ]
INFO: [ view_filter ] --START--
INFO: Run ContentReplace Behavior [ RunTime:-0.031251s ]
NOTIC: [8] Array to string conversion D:\WWW\duoqy\duoqy\dqy\Lib\Core\Behavior.class.php 第 60 行.
NOTIC: [2] implode(): Invalid arguments passed D:\WWW\duoqy\duoqy\dqy\Lib\Behavior\TokenBuildBehavior.class.php 第 71 行.
NOTIC: [2] unlink(./Data/Conf/logs/Temp/0/b/0bd00bad38522939af44147774e596f2.php): No such file or directory D:\WWW\duoqy\duoqy\dqy\Lib\Driver\Cache\CacheFile.class.php 第 176 行.
INFO: Run TokenBuild Behavior [ RunTime:-0.031251s ]
INFO: Run WriteHtmlCache Behavior [ RunTime:-0.031251s ]
INFO: Run ShowRuntime Behavior [ RunTime:-0.031251s ]
INFO: [ view_filter ] --END-- [ RunTime:0.000000s ]
INFO: [ view_end ] --START--
INFO: Run ShowPageTrace Behavior [ RunTime:-0.031251s ]
INFO: [ view_end ] --END-- [ RunTime:0.000000s ]

